==28810== Memcheck, a memory error detector
==28810== Copyright (C) 2002-2015, and GNU GPL'd, by Julian Seward et al.
==28810== Using Valgrind-3.11.0 and LibVEX; rerun with -h for copyright info
==28810== Command: ./PROVER/eprover ../../tptp/lfhol.probs.bool_enc_cnf/SEV029^5.p --auto --silent
==28810== Parent PID: 26855
==28810== 
==28810== Conditional jump or move depends on uninitialised value(s)
==28810==    at 0x78167C: SizeFreeReal (clb_memory.h:224)
==28810==    by 0x78167C: IntMapIterFree (clb_intmap.c:637)
==28810==    by 0x71D684: PDTNodeFree (ccl_pdtrees.c:939)
==28810==    by 0x71D7CB: PDTreeFree (ccl_pdtrees.c:869)
==28810==    by 0x722AE6: ClauseSetFree (ccl_clausesets.c:392)
==28810==    by 0x73F223: ProofStateFree (ccl_proofstate.c:362)
==28810==    by 0x4048F6: main (eprover.c:769)
==28810==  Uninitialised value was created by a heap allocation
==28810==    at 0x4C2DB8F: malloc (in /usr/lib/valgrind/vgpreload_memcheck-amd64-linux.so)
==28810==    by 0x778515: SecureMalloc (clb_memory.c:157)
==28810==    by 0x7809A3: SizeMallocReal (clb_memory.h:177)
==28810==    by 0x7809A3: IntMapAlloc (clb_intmap.c:234)
==28810==    by 0x71D1CC: PDTNodeAlloc (ccl_pdtrees.c:896)
==28810==    by 0x71D2A1: PDTreeAlloc (ccl_pdtrees.c:831)
==28810==    by 0x73EB28: ProofStateAlloc (ccl_proofstate.c:169)
==28810==    by 0x401EFC: parse_spec (eprover.c:143)
==28810==    by 0x403B94: main (eprover.c:404)
==28810== 
==28810== 
==28810== HEAP SUMMARY:
==28810==     in use at exit: 2,399,541 bytes in 44,297 blocks
==28810==   total heap usage: 230,897 allocs, 186,600 frees, 4,833,944 bytes allocated
==28810== 
==28810== 6 bytes in 2 blocks are definitely lost in loss record 1 of 893
==28810==    at 0x4C2DB8F: malloc (in /usr/lib/valgrind/vgpreload_memcheck-amd64-linux.so)
==28810==    by 0x778515: SecureMalloc (clb_memory.c:157)
==28810==    by 0x7786BB: SecureStrdup (clb_memory.c:265)
==28810==    by 0x758709: VarBankPopEnv (cte_termvars.c:579)
==28810==    by 0x713DB9: quantified_tform_tstp_parse (ccl_tformulae.c:377)
==28810==    by 0x713CD9: quantified_tform_tstp_parse (ccl_tformulae.c:348)
==28810==    by 0x713CD9: quantified_tform_tstp_parse (ccl_tformulae.c:348)
==28810==    by 0x713CD9: quantified_tform_tstp_parse (ccl_tformulae.c:348)
==28810==    by 0x713871: literal_tform_tstp_parse (ccl_tformulae.c:435)
==28810==    by 0x713763: TFormulaTSTPParse (ccl_tformulae.c:1057)
==28810==    by 0x7156B7: WFormulaTSTPParse (ccl_formula_wrapper.c:447)
==28810==    by 0x715904: WFormulaParse (ccl_formula_wrapper.c:626)
==28810== 
==28810== 12 bytes in 4 blocks are definitely lost in loss record 2 of 893
==28810==    at 0x4C2DB8F: malloc (in /usr/lib/valgrind/vgpreload_memcheck-amd64-linux.so)
==28810==    by 0x778515: SecureMalloc (clb_memory.c:157)
==28810==    by 0x7786BB: SecureStrdup (clb_memory.c:265)
==28810==    by 0x758709: VarBankPopEnv (cte_termvars.c:579)
==28810==    by 0x713DB9: quantified_tform_tstp_parse (ccl_tformulae.c:377)
==28810==    by 0x713CD9: quantified_tform_tstp_parse (ccl_tformulae.c:348)
==28810==    by 0x713CD9: quantified_tform_tstp_parse (ccl_tformulae.c:348)
==28810==    by 0x713871: literal_tform_tstp_parse (ccl_tformulae.c:435)
==28810==    by 0x713763: TFormulaTSTPParse (ccl_tformulae.c:1057)
==28810==    by 0x7156B7: WFormulaTSTPParse (ccl_formula_wrapper.c:447)
==28810==    by 0x715904: WFormulaParse (ccl_formula_wrapper.c:626)
==28810==    by 0x727C55: FormulaAndClauseSetParse (ccl_formulafunc.c:750)
==28810== 
==28810== 12 bytes in 4 blocks are definitely lost in loss record 3 of 893
==28810==    at 0x4C2DB8F: malloc (in /usr/lib/valgrind/vgpreload_memcheck-amd64-linux.so)
==28810==    by 0x778515: SecureMalloc (clb_memory.c:157)
==28810==    by 0x7786BB: SecureStrdup (clb_memory.c:265)
==28810==    by 0x758709: VarBankPopEnv (cte_termvars.c:579)
==28810==    by 0x713DB9: quantified_tform_tstp_parse (ccl_tformulae.c:377)
==28810==    by 0x713871: literal_tform_tstp_parse (ccl_tformulae.c:435)
==28810==    by 0x713763: TFormulaTSTPParse (ccl_tformulae.c:1057)
==28810==    by 0x7156B7: WFormulaTSTPParse (ccl_formula_wrapper.c:447)
==28810==    by 0x715904: WFormulaParse (ccl_formula_wrapper.c:626)
==28810==    by 0x727C55: FormulaAndClauseSetParse (ccl_formulafunc.c:750)
==28810==    by 0x401F96: parse_spec (eprover.c:161)
==28810==    by 0x403B94: main (eprover.c:404)
==28810== 
==28810== 15 bytes in 5 blocks are definitely lost in loss record 4 of 893
==28810==    at 0x4C2DB8F: malloc (in /usr/lib/valgrind/vgpreload_memcheck-amd64-linux.so)
==28810==    by 0x778515: SecureMalloc (clb_memory.c:157)
==28810==    by 0x7786BB: SecureStrdup (clb_memory.c:265)
==28810==    by 0x758709: VarBankPopEnv (cte_termvars.c:579)
==28810==    by 0x713DB9: quantified_tform_tstp_parse (ccl_tformulae.c:377)
==28810==    by 0x713CD9: quantified_tform_tstp_parse (ccl_tformulae.c:348)
==28810==    by 0x713871: literal_tform_tstp_parse (ccl_tformulae.c:435)
==28810==    by 0x713763: TFormulaTSTPParse (ccl_tformulae.c:1057)
==28810==    by 0x7156B7: WFormulaTSTPParse (ccl_formula_wrapper.c:447)
==28810==    by 0x715904: WFormulaParse (ccl_formula_wrapper.c:626)
==28810==    by 0x727C55: FormulaAndClauseSetParse (ccl_formulafunc.c:750)
==28810==    by 0x401F96: parse_spec (eprover.c:161)
==28810== 
==28810== 136 (120 direct, 16 indirect) bytes in 1 blocks are definitely lost in loss record 443 of 893
==28810==    at 0x4C2DB8F: malloc (in /usr/lib/valgrind/vgpreload_memcheck-amd64-linux.so)
==28810==    by 0x778515: SecureMalloc (clb_memory.c:157)
==28810==    by 0x75F3F2: SizeMallocReal (clb_memory.h:177)
==28810==    by 0x75F3F2: TermDefaultCellAlloc (cte_termtypes.h:505)
==28810==    by 0x75F3F2: make_head (cte_termbanks.c:441)
==28810==    by 0x762080: parse_one_ho (cte_termbanks.c:494)
==28810==    by 0x762080: TBTermParseRealHO (cte_termbanks.c:1427)
==28810==    by 0x70B514: TBTermParse (cte_termbanks.h:187)
==28810==    by 0x70B514: EqnHOFParse (ccl_eqn.c:717)
==28810==    by 0x713975: literal_tform_tstp_parse (ccl_tformulae.c:461)
==28810==    by 0x713D98: quantified_tform_tstp_parse (ccl_tformulae.c:372)
==28810==    by 0x713871: literal_tform_tstp_parse (ccl_tformulae.c:435)
==28810==    by 0x713763: TFormulaTSTPParse (ccl_tformulae.c:1057)
==28810==    by 0x7156B7: WFormulaTSTPParse (ccl_formula_wrapper.c:447)
==28810==    by 0x715904: WFormulaParse (ccl_formula_wrapper.c:626)
==28810==    by 0x727C55: FormulaAndClauseSetParse (ccl_formulafunc.c:750)
==28810== 
==28810== 136 (120 direct, 16 indirect) bytes in 1 blocks are definitely lost in loss record 444 of 893
==28810==    at 0x4C2DB8F: malloc (in /usr/lib/valgrind/vgpreload_memcheck-amd64-linux.so)
==28810==    by 0x778515: SecureMalloc (clb_memory.c:157)
==28810==    by 0x75F3F2: SizeMallocReal (clb_memory.h:177)
==28810==    by 0x75F3F2: TermDefaultCellAlloc (cte_termtypes.h:505)
==28810==    by 0x75F3F2: make_head (cte_termbanks.c:441)
==28810==    by 0x762080: parse_one_ho (cte_termbanks.c:494)
==28810==    by 0x762080: TBTermParseRealHO (cte_termbanks.c:1427)
==28810==    by 0x70A9DE: TBTermParse (cte_termbanks.h:187)
==28810==    by 0x70A9DE: eqn_parse_infix (ccl_eqn.c:320)
==28810==    by 0x70B238: eqn_parse_real (ccl_eqn.c:547)
==28810==    by 0x70B4BE: EqnFOFParse (ccl_eqn.c:704)
==28810==    by 0x713A9A: literal_tform_tstp_parse (ccl_tformulae.c:493)
==28810==    by 0x713B23: assoc_tform_tstp_parse (ccl_tformulae.c:407)
==28810==    by 0x7139C7: literal_tform_tstp_parse (ccl_tformulae.c:469)
==28810==    by 0x713D98: quantified_tform_tstp_parse (ccl_tformulae.c:372)
==28810==    by 0x713871: literal_tform_tstp_parse (ccl_tformulae.c:435)
==28810== 
==28810== 136 (120 direct, 16 indirect) bytes in 1 blocks are definitely lost in loss record 445 of 893
==28810==    at 0x4C2DB8F: malloc (in /usr/lib/valgrind/vgpreload_memcheck-amd64-linux.so)
==28810==    by 0x778515: SecureMalloc (clb_memory.c:157)
==28810==    by 0x70B8A5: SizeMallocReal (clb_memory.h:177)
==28810==    by 0x70B8A5: TermDefaultCellAlloc (cte_termtypes.h:505)
==28810==    by 0x70B8A5: EqnTermsTBTermEncode (ccl_eqn.c:800)
==28810==    by 0x71290F: TFormulaLitAlloc (ccl_tformulae.c:641)
==28810==    by 0x713AA5: literal_tform_tstp_parse (ccl_tformulae.c:494)
==28810==    by 0x713B23: assoc_tform_tstp_parse (ccl_tformulae.c:407)
==28810==    by 0x7139C7: literal_tform_tstp_parse (ccl_tformulae.c:469)
==28810==    by 0x713D98: quantified_tform_tstp_parse (ccl_tformulae.c:372)
==28810==    by 0x713871: literal_tform_tstp_parse (ccl_tformulae.c:435)
==28810==    by 0x713763: TFormulaTSTPParse (ccl_tformulae.c:1057)
==28810==    by 0x7156B7: WFormulaTSTPParse (ccl_formula_wrapper.c:447)
==28810==    by 0x715904: WFormulaParse (ccl_formula_wrapper.c:626)
==28810== 
==28810== 136 (120 direct, 16 indirect) bytes in 1 blocks are definitely lost in loss record 446 of 893
==28810==    at 0x4C2DB8F: malloc (in /usr/lib/valgrind/vgpreload_memcheck-amd64-linux.so)
==28810==    by 0x778515: SecureMalloc (clb_memory.c:157)
==28810==    by 0x70B8A5: SizeMallocReal (clb_memory.h:177)
==28810==    by 0x70B8A5: TermDefaultCellAlloc (cte_termtypes.h:505)
==28810==    by 0x70B8A5: EqnTermsTBTermEncode (ccl_eqn.c:800)
==28810==    by 0x71290F: TFormulaLitAlloc (ccl_tformulae.c:641)
==28810==    by 0x713AA5: literal_tform_tstp_parse (ccl_tformulae.c:494)
==28810==    by 0x713B23: assoc_tform_tstp_parse (ccl_tformulae.c:407)
==28810==    by 0x7139C7: literal_tform_tstp_parse (ccl_tformulae.c:469)
==28810==    by 0x713D98: quantified_tform_tstp_parse (ccl_tformulae.c:372)
==28810==    by 0x713CD9: quantified_tform_tstp_parse (ccl_tformulae.c:348)
==28810==    by 0x713871: literal_tform_tstp_parse (ccl_tformulae.c:435)
==28810==    by 0x713763: TFormulaTSTPParse (ccl_tformulae.c:1057)
==28810==    by 0x7156B7: WFormulaTSTPParse (ccl_formula_wrapper.c:447)
==28810== 
==28810== 136 (120 direct, 16 indirect) bytes in 1 blocks are definitely lost in loss record 447 of 893
==28810==    at 0x4C2DB8F: malloc (in /usr/lib/valgrind/vgpreload_memcheck-amd64-linux.so)
==28810==    by 0x778515: SecureMalloc (clb_memory.c:157)
==28810==    by 0x70B8A5: SizeMallocReal (clb_memory.h:177)
==28810==    by 0x70B8A5: TermDefaultCellAlloc (cte_termtypes.h:505)
==28810==    by 0x70B8A5: EqnTermsTBTermEncode (ccl_eqn.c:800)
==28810==    by 0x71290F: TFormulaLitAlloc (ccl_tformulae.c:641)
==28810==    by 0x713AA5: literal_tform_tstp_parse (ccl_tformulae.c:494)
==28810==    by 0x713A72: literal_tform_tstp_parse (ccl_tformulae.c:487)
==28810==    by 0x713B23: assoc_tform_tstp_parse (ccl_tformulae.c:407)
==28810==    by 0x7139C7: literal_tform_tstp_parse (ccl_tformulae.c:469)
==28810==    by 0x713D98: quantified_tform_tstp_parse (ccl_tformulae.c:372)
==28810==    by 0x713CD9: quantified_tform_tstp_parse (ccl_tformulae.c:348)
==28810==    by 0x713CD9: quantified_tform_tstp_parse (ccl_tformulae.c:348)
==28810==    by 0x713871: literal_tform_tstp_parse (ccl_tformulae.c:435)
==28810== 
==28810== 136 (120 direct, 16 indirect) bytes in 1 blocks are definitely lost in loss record 448 of 893
==28810==    at 0x4C2DB8F: malloc (in /usr/lib/valgrind/vgpreload_memcheck-amd64-linux.so)
==28810==    by 0x778515: SecureMalloc (clb_memory.c:157)
==28810==    by 0x70B8A5: SizeMallocReal (clb_memory.h:177)
==28810==    by 0x70B8A5: TermDefaultCellAlloc (cte_termtypes.h:505)
==28810==    by 0x70B8A5: EqnTermsTBTermEncode (ccl_eqn.c:800)
==28810==    by 0x71290F: TFormulaLitAlloc (ccl_tformulae.c:641)
==28810==    by 0x713980: literal_tform_tstp_parse (ccl_tformulae.c:462)
==28810==    by 0x713D98: quantified_tform_tstp_parse (ccl_tformulae.c:372)
==28810==    by 0x713CD9: quantified_tform_tstp_parse (ccl_tformulae.c:348)
==28810==    by 0x713CD9: quantified_tform_tstp_parse (ccl_tformulae.c:348)
==28810==    by 0x713871: literal_tform_tstp_parse (ccl_tformulae.c:435)
==28810==    by 0x713763: TFormulaTSTPParse (ccl_tformulae.c:1057)
==28810==    by 0x7156B7: WFormulaTSTPParse (ccl_formula_wrapper.c:447)
==28810==    by 0x715904: WFormulaParse (ccl_formula_wrapper.c:626)
==28810== 
==28810== 136 (120 direct, 16 indirect) bytes in 1 blocks are definitely lost in loss record 449 of 893
==28810==    at 0x4C2DB8F: malloc (in /usr/lib/valgrind/vgpreload_memcheck-amd64-linux.so)
==28810==    by 0x778515: SecureMalloc (clb_memory.c:157)
==28810==    by 0x75F569: SizeMallocReal (clb_memory.h:177)
==28810==    by 0x75F569: TermDefaultCellAlloc (cte_termtypes.h:505)
==28810==    by 0x75F569: normalize_head (cte_termbanks.c:380)
==28810==    by 0x7623D6: TBTermParseRealHO (cte_termbanks.c:1471)
==28810==    by 0x70B514: TBTermParse (cte_termbanks.h:187)
==28810==    by 0x70B514: EqnHOFParse (ccl_eqn.c:717)
==28810==    by 0x713975: literal_tform_tstp_parse (ccl_tformulae.c:461)
==28810==    by 0x713D98: quantified_tform_tstp_parse (ccl_tformulae.c:372)
==28810==    by 0x713CD9: quantified_tform_tstp_parse (ccl_tformulae.c:348)
==28810==    by 0x713CD9: quantified_tform_tstp_parse (ccl_tformulae.c:348)
==28810==    by 0x713CD9: quantified_tform_tstp_parse (ccl_tformulae.c:348)
==28810==    by 0x713871: literal_tform_tstp_parse (ccl_tformulae.c:435)
==28810==    by 0x713763: TFormulaTSTPParse (ccl_tformulae.c:1057)
==28810== 
==28810== 136 (120 direct, 16 indirect) bytes in 1 blocks are definitely lost in loss record 450 of 893
==28810==    at 0x4C2DB8F: malloc (in /usr/lib/valgrind/vgpreload_memcheck-amd64-linux.so)
==28810==    by 0x778515: SecureMalloc (clb_memory.c:157)
==28810==    by 0x76023C: SizeMallocReal (clb_memory.h:177)
==28810==    by 0x76023C: TermDefaultCellAlloc (cte_termtypes.h:505)
==28810==    by 0x76023C: TermTopCopyWithoutArgs (cte_termtypes.h:442)
==28810==    by 0x76023C: TBInsertNoProps (cte_termbanks.c:693)
==28810==    by 0x76039C: TBInsertNoProps (cte_termbanks.c:701)
==28810==    by 0x742BB7: TFormulaVarRename (ccl_tcnf.c:1529)
==28810==    by 0x74385E: WTFormulaConjunctiveNF2 (ccl_tcnf.c:1862)
==28810==    by 0x7285CF: WFormulaCNF2 (ccl_formulafunc.c:479)
==28810==    by 0x729043: FormulaSetCNF2 (ccl_formulafunc.c:643)
==28810==    by 0x403D78: main (eprover.c:451)
==28810== 
==28810== 136 (120 direct, 16 indirect) bytes in 1 blocks are definitely lost in loss record 451 of 893
==28810==    at 0x4C2DB8F: malloc (in /usr/lib/valgrind/vgpreload_memcheck-amd64-linux.so)
==28810==    by 0x778515: SecureMalloc (clb_memory.c:157)
==28810==    by 0x76023C: SizeMallocReal (clb_memory.h:177)
==28810==    by 0x76023C: TermDefaultCellAlloc (cte_termtypes.h:505)
==28810==    by 0x76023C: TermTopCopyWithoutArgs (cte_termtypes.h:442)
==28810==    by 0x76023C: TBInsertNoProps (cte_termbanks.c:693)
==28810==    by 0x76039C: TBInsertNoProps (cte_termbanks.c:701)
==28810==    by 0x742BB7: TFormulaVarRename (ccl_tcnf.c:1529)
==28810==    by 0x742C48: TFormulaVarRename (ccl_tcnf.c:1544)
==28810==    by 0x742BD8: TFormulaVarRename (ccl_tcnf.c:1536)
==28810==    by 0x74385E: WTFormulaConjunctiveNF2 (ccl_tcnf.c:1862)
==28810==    by 0x7285CF: WFormulaCNF2 (ccl_formulafunc.c:479)
==28810==    by 0x729043: FormulaSetCNF2 (ccl_formulafunc.c:643)
==28810==    by 0x403D78: main (eprover.c:451)
==28810== 
==28810== 136 (120 direct, 16 indirect) bytes in 1 blocks are definitely lost in loss record 452 of 893
==28810==    at 0x4C2DB8F: malloc (in /usr/lib/valgrind/vgpreload_memcheck-amd64-linux.so)
==28810==    by 0x778515: SecureMalloc (clb_memory.c:157)
==28810==    by 0x712768: SizeMallocReal (clb_memory.h:177)
==28810==    by 0x712768: TermDefaultCellAlloc (cte_termtypes.h:505)
==28810==    by 0x712768: TermTopAlloc (cte_termtypes.h:557)
==28810==    by 0x712768: TFormulaFCodeAlloc (ccl_tformulae.c:602)
==28810==    by 0x712A63: TFormulaQuantorAlloc (ccl_tformulae.c:691)
==28810==    by 0x743245: TFormulaShiftQuantors2 (ccl_tcnf.c:1661)
==28810==    by 0x7438AC: WTFormulaConjunctiveNF2 (ccl_tcnf.c:1872)
==28810==    by 0x7285CF: WFormulaCNF2 (ccl_formulafunc.c:479)
==28810==    by 0x729043: FormulaSetCNF2 (ccl_formulafunc.c:643)
==28810==    by 0x403D78: main (eprover.c:451)
==28810== 
==28810== 136 (120 direct, 16 indirect) bytes in 1 blocks are definitely lost in loss record 453 of 893
==28810==    at 0x4C2DB8F: malloc (in /usr/lib/valgrind/vgpreload_memcheck-amd64-linux.so)
==28810==    by 0x778515: SecureMalloc (clb_memory.c:157)
==28810==    by 0x76023C: SizeMallocReal (clb_memory.h:177)
==28810==    by 0x76023C: TermDefaultCellAlloc (cte_termtypes.h:505)
==28810==    by 0x76023C: TermTopCopyWithoutArgs (cte_termtypes.h:442)
==28810==    by 0x76023C: TBInsertNoProps (cte_termbanks.c:693)
==28810==    by 0x76039C: TBInsertNoProps (cte_termbanks.c:701)
==28810==    by 0x740AAF: tformula_rek_skolemize (ccl_tcnf.c:251)
==28810==    by 0x740C93: tformula_rek_skolemize (ccl_tcnf.c:284)
==28810==    by 0x740C52: tformula_rek_skolemize (ccl_tcnf.c:279)
==28810==    by 0x740BC5: tformula_rek_skolemize (ccl_tcnf.c:270)
==28810==    by 0x742DDE: TFormulaSkolemizeOutermost (ccl_tcnf.c:1586)
==28810==    by 0x7439AC: WTFormulaConjunctiveNF2 (ccl_tcnf.c:1903)
==28810==    by 0x7285CF: WFormulaCNF2 (ccl_formulafunc.c:479)
==28810==    by 0x729043: FormulaSetCNF2 (ccl_formulafunc.c:643)
==28810== 
==28810== 136 (120 direct, 16 indirect) bytes in 1 blocks are definitely lost in loss record 454 of 893
==28810==    at 0x4C2DB8F: malloc (in /usr/lib/valgrind/vgpreload_memcheck-amd64-linux.so)
==28810==    by 0x778515: SecureMalloc (clb_memory.c:157)
==28810==    by 0x76023C: SizeMallocReal (clb_memory.h:177)
==28810==    by 0x76023C: TermDefaultCellAlloc (cte_termtypes.h:505)
==28810==    by 0x76023C: TermTopCopyWithoutArgs (cte_termtypes.h:442)
==28810==    by 0x76023C: TBInsertNoProps (cte_termbanks.c:693)
==28810==    by 0x76039C: TBInsertNoProps (cte_termbanks.c:701)
==28810==    by 0x76039C: TBInsertNoProps (cte_termbanks.c:701)
==28810==    by 0x76039C: TBInsertNoProps (cte_termbanks.c:701)
==28810==    by 0x740AAF: tformula_rek_skolemize (ccl_tcnf.c:251)
==28810==    by 0x740C93: tformula_rek_skolemize (ccl_tcnf.c:284)
==28810==    by 0x740C52: tformula_rek_skolemize (ccl_tcnf.c:279)
==28810==    by 0x740BC5: tformula_rek_skolemize (ccl_tcnf.c:270)
==28810==    by 0x742DDE: TFormulaSkolemizeOutermost (ccl_tcnf.c:1586)
==28810==    by 0x7439AC: WTFormulaConjunctiveNF2 (ccl_tcnf.c:1903)
==28810== 
==28810== 136 (120 direct, 16 indirect) bytes in 1 blocks are definitely lost in loss record 455 of 893
==28810==    at 0x4C2DB8F: malloc (in /usr/lib/valgrind/vgpreload_memcheck-amd64-linux.so)
==28810==    by 0x778515: SecureMalloc (clb_memory.c:157)
==28810==    by 0x76023C: SizeMallocReal (clb_memory.h:177)
==28810==    by 0x76023C: TermDefaultCellAlloc (cte_termtypes.h:505)
==28810==    by 0x76023C: TermTopCopyWithoutArgs (cte_termtypes.h:442)
==28810==    by 0x76023C: TBInsertNoProps (cte_termbanks.c:693)
==28810==    by 0x76039C: TBInsertNoProps (cte_termbanks.c:701)
==28810==    by 0x742BB7: TFormulaVarRename (ccl_tcnf.c:1529)
==28810==    by 0x742C04: TFormulaVarRename (ccl_tcnf.c:1540)
==28810==    by 0x742C04: TFormulaVarRename (ccl_tcnf.c:1540)
==28810==    by 0x742C04: TFormulaVarRename (ccl_tcnf.c:1540)
==28810==    by 0x742C04: TFormulaVarRename (ccl_tcnf.c:1540)
==28810==    by 0x742BD8: TFormulaVarRename (ccl_tcnf.c:1536)
==28810==    by 0x742BD8: TFormulaVarRename (ccl_tcnf.c:1536)
==28810==    by 0x74385E: WTFormulaConjunctiveNF2 (ccl_tcnf.c:1862)
==28810== 
==28810== 136 (120 direct, 16 indirect) bytes in 1 blocks are definitely lost in loss record 456 of 893
==28810==    at 0x4C2DB8F: malloc (in /usr/lib/valgrind/vgpreload_memcheck-amd64-linux.so)
==28810==    by 0x778515: SecureMalloc (clb_memory.c:157)
==28810==    by 0x76023C: SizeMallocReal (clb_memory.h:177)
==28810==    by 0x76023C: TermDefaultCellAlloc (cte_termtypes.h:505)
==28810==    by 0x76023C: TermTopCopyWithoutArgs (cte_termtypes.h:442)
==28810==    by 0x76023C: TBInsertNoProps (cte_termbanks.c:693)
==28810==    by 0x76039C: TBInsertNoProps (cte_termbanks.c:701)
==28810==    by 0x742BB7: TFormulaVarRename (ccl_tcnf.c:1529)
==28810==    by 0x742C48: TFormulaVarRename (ccl_tcnf.c:1544)
==28810==    by 0x742C04: TFormulaVarRename (ccl_tcnf.c:1540)
==28810==    by 0x742C04: TFormulaVarRename (ccl_tcnf.c:1540)
==28810==    by 0x742BD8: TFormulaVarRename (ccl_tcnf.c:1536)
==28810==    by 0x742BD8: TFormulaVarRename (ccl_tcnf.c:1536)
==28810==    by 0x74385E: WTFormulaConjunctiveNF2 (ccl_tcnf.c:1862)
==28810==    by 0x7285CF: WFormulaCNF2 (ccl_formulafunc.c:479)
==28810== 
==28810== 136 (120 direct, 16 indirect) bytes in 1 blocks are definitely lost in loss record 457 of 893
==28810==    at 0x4C2DB8F: malloc (in /usr/lib/valgrind/vgpreload_memcheck-amd64-linux.so)
==28810==    by 0x778515: SecureMalloc (clb_memory.c:157)
==28810==    by 0x76023C: SizeMallocReal (clb_memory.h:177)
==28810==    by 0x76023C: TermDefaultCellAlloc (cte_termtypes.h:505)
==28810==    by 0x76023C: TermTopCopyWithoutArgs (cte_termtypes.h:442)
==28810==    by 0x76023C: TBInsertNoProps (cte_termbanks.c:693)
==28810==    by 0x76039C: TBInsertNoProps (cte_termbanks.c:701)
==28810==    by 0x742BB7: TFormulaVarRename (ccl_tcnf.c:1529)
==28810==    by 0x742C48: TFormulaVarRename (ccl_tcnf.c:1544)
==28810==    by 0x742C04: TFormulaVarRename (ccl_tcnf.c:1540)
==28810==    by 0x742BD8: TFormulaVarRename (ccl_tcnf.c:1536)
==28810==    by 0x742BD8: TFormulaVarRename (ccl_tcnf.c:1536)
==28810==    by 0x74385E: WTFormulaConjunctiveNF2 (ccl_tcnf.c:1862)
==28810==    by 0x7285CF: WFormulaCNF2 (ccl_formulafunc.c:479)
==28810==    by 0x729043: FormulaSetCNF2 (ccl_formulafunc.c:643)
==28810== 
==28810== 136 (120 direct, 16 indirect) bytes in 1 blocks are definitely lost in loss record 458 of 893
==28810==    at 0x4C2DB8F: malloc (in /usr/lib/valgrind/vgpreload_memcheck-amd64-linux.so)
==28810==    by 0x778515: SecureMalloc (clb_memory.c:157)
==28810==    by 0x76023C: SizeMallocReal (clb_memory.h:177)
==28810==    by 0x76023C: TermDefaultCellAlloc (cte_termtypes.h:505)
==28810==    by 0x76023C: TermTopCopyWithoutArgs (cte_termtypes.h:442)
==28810==    by 0x76023C: TBInsertNoProps (cte_termbanks.c:693)
==28810==    by 0x76039C: TBInsertNoProps (cte_termbanks.c:701)
==28810==    by 0x740AAF: tformula_rek_skolemize (ccl_tcnf.c:251)
==28810==    by 0x740C52: tformula_rek_skolemize (ccl_tcnf.c:279)
==28810==    by 0x740C52: tformula_rek_skolemize (ccl_tcnf.c:279)
==28810==    by 0x740C52: tformula_rek_skolemize (ccl_tcnf.c:279)
==28810==    by 0x740C52: tformula_rek_skolemize (ccl_tcnf.c:279)
==28810==    by 0x740BC5: tformula_rek_skolemize (ccl_tcnf.c:270)
==28810==    by 0x742DDE: TFormulaSkolemizeOutermost (ccl_tcnf.c:1586)
==28810==    by 0x7439AC: WTFormulaConjunctiveNF2 (ccl_tcnf.c:1903)
==28810== 
==28810== 136 (120 direct, 16 indirect) bytes in 1 blocks are definitely lost in loss record 459 of 893
==28810==    at 0x4C2DB8F: malloc (in /usr/lib/valgrind/vgpreload_memcheck-amd64-linux.so)
==28810==    by 0x778515: SecureMalloc (clb_memory.c:157)
==28810==    by 0x76023C: SizeMallocReal (clb_memory.h:177)
==28810==    by 0x76023C: TermDefaultCellAlloc (cte_termtypes.h:505)
==28810==    by 0x76023C: TermTopCopyWithoutArgs (cte_termtypes.h:442)
==28810==    by 0x76023C: TBInsertNoProps (cte_termbanks.c:693)
==28810==    by 0x76039C: TBInsertNoProps (cte_termbanks.c:701)
==28810==    by 0x76039C: TBInsertNoProps (cte_termbanks.c:701)
==28810==    by 0x76039C: TBInsertNoProps (cte_termbanks.c:701)
==28810==    by 0x740AAF: tformula_rek_skolemize (ccl_tcnf.c:251)
==28810==    by 0x740C93: tformula_rek_skolemize (ccl_tcnf.c:284)
==28810==    by 0x740BC5: tformula_rek_skolemize (ccl_tcnf.c:270)
==28810==    by 0x742DDE: TFormulaSkolemizeOutermost (ccl_tcnf.c:1586)
==28810==    by 0x7439AC: WTFormulaConjunctiveNF2 (ccl_tcnf.c:1903)
==28810==    by 0x7285CF: WFormulaCNF2 (ccl_formulafunc.c:479)
==28810== 
==28810== 136 (120 direct, 16 indirect) bytes in 1 blocks are definitely lost in loss record 460 of 893
==28810==    at 0x4C2DB8F: malloc (in /usr/lib/valgrind/vgpreload_memcheck-amd64-linux.so)
==28810==    by 0x778515: SecureMalloc (clb_memory.c:157)
==28810==    by 0x76023C: SizeMallocReal (clb_memory.h:177)
==28810==    by 0x76023C: TermDefaultCellAlloc (cte_termtypes.h:505)
==28810==    by 0x76023C: TermTopCopyWithoutArgs (cte_termtypes.h:442)
==28810==    by 0x76023C: TBInsertNoProps (cte_termbanks.c:693)
==28810==    by 0x76039C: TBInsertNoProps (cte_termbanks.c:701)
==28810==    by 0x76039C: TBInsertNoProps (cte_termbanks.c:701)
==28810==    by 0x740AAF: tformula_rek_skolemize (ccl_tcnf.c:251)
==28810==    by 0x740C93: tformula_rek_skolemize (ccl_tcnf.c:284)
==28810==    by 0x740C52: tformula_rek_skolemize (ccl_tcnf.c:279)
==28810==    by 0x740C52: tformula_rek_skolemize (ccl_tcnf.c:279)
==28810==    by 0x740BC5: tformula_rek_skolemize (ccl_tcnf.c:270)
==28810==    by 0x740BC5: tformula_rek_skolemize (ccl_tcnf.c:270)
==28810==    by 0x742DDE: TFormulaSkolemizeOutermost (ccl_tcnf.c:1586)
==28810== 
==28810== 136 (120 direct, 16 indirect) bytes in 1 blocks are definitely lost in loss record 461 of 893
==28810==    at 0x4C2DB8F: malloc (in /usr/lib/valgrind/vgpreload_memcheck-amd64-linux.so)
==28810==    by 0x778515: SecureMalloc (clb_memory.c:157)
==28810==    by 0x76023C: SizeMallocReal (clb_memory.h:177)
==28810==    by 0x76023C: TermDefaultCellAlloc (cte_termtypes.h:505)
==28810==    by 0x76023C: TermTopCopyWithoutArgs (cte_termtypes.h:442)
==28810==    by 0x76023C: TBInsertNoProps (cte_termbanks.c:693)
==28810==    by 0x742BB7: TFormulaVarRename (ccl_tcnf.c:1529)
==28810==    by 0x742C04: TFormulaVarRename (ccl_tcnf.c:1540)
==28810==    by 0x742BD8: TFormulaVarRename (ccl_tcnf.c:1536)
==28810==    by 0x742BD8: TFormulaVarRename (ccl_tcnf.c:1536)
==28810==    by 0x74385E: WTFormulaConjunctiveNF2 (ccl_tcnf.c:1862)
==28810==    by 0x7285CF: WFormulaCNF2 (ccl_formulafunc.c:479)
==28810==    by 0x729043: FormulaSetCNF2 (ccl_formulafunc.c:643)
==28810==    by 0x403D78: main (eprover.c:451)
==28810== 
==28810== 136 (120 direct, 16 indirect) bytes in 1 blocks are definitely lost in loss record 462 of 893
==28810==    at 0x4C2DB8F: malloc (in /usr/lib/valgrind/vgpreload_memcheck-amd64-linux.so)
==28810==    by 0x778515: SecureMalloc (clb_memory.c:157)
==28810==    by 0x76023C: SizeMallocReal (clb_memory.h:177)
==28810==    by 0x76023C: TermDefaultCellAlloc (cte_termtypes.h:505)
==28810==    by 0x76023C: TermTopCopyWithoutArgs (cte_termtypes.h:442)
==28810==    by 0x76023C: TBInsertNoProps (cte_termbanks.c:693)
==28810==    by 0x76039C: TBInsertNoProps (cte_termbanks.c:701)
==28810==    by 0x76039C: TBInsertNoProps (cte_termbanks.c:701)
==28810==    by 0x740AAF: tformula_rek_skolemize (ccl_tcnf.c:251)
==28810==    by 0x740C93: tformula_rek_skolemize (ccl_tcnf.c:284)
==28810==    by 0x740C52: tformula_rek_skolemize (ccl_tcnf.c:279)
==28810==    by 0x740C52: tformula_rek_skolemize (ccl_tcnf.c:279)
==28810==    by 0x740C52: tformula_rek_skolemize (ccl_tcnf.c:279)
==28810==    by 0x740C52: tformula_rek_skolemize (ccl_tcnf.c:279)
==28810==    by 0x740BC5: tformula_rek_skolemize (ccl_tcnf.c:270)
==28810== 
==28810== 136 (120 direct, 16 indirect) bytes in 1 blocks are definitely lost in loss record 463 of 893
==28810==    at 0x4C2DB8F: malloc (in /usr/lib/valgrind/vgpreload_memcheck-amd64-linux.so)
==28810==    by 0x778515: SecureMalloc (clb_memory.c:157)
==28810==    by 0x76023C: SizeMallocReal (clb_memory.h:177)
==28810==    by 0x76023C: TermDefaultCellAlloc (cte_termtypes.h:505)
==28810==    by 0x76023C: TermTopCopyWithoutArgs (cte_termtypes.h:442)
==28810==    by 0x76023C: TBInsertNoProps (cte_termbanks.c:693)
==28810==    by 0x76039C: TBInsertNoProps (cte_termbanks.c:701)
==28810==    by 0x742BB7: TFormulaVarRename (ccl_tcnf.c:1529)
==28810==    by 0x742C48: TFormulaVarRename (ccl_tcnf.c:1544)
==28810==    by 0x742C04: TFormulaVarRename (ccl_tcnf.c:1540)
==28810==    by 0x742C04: TFormulaVarRename (ccl_tcnf.c:1540)
==28810==    by 0x742C04: TFormulaVarRename (ccl_tcnf.c:1540)
==28810==    by 0x742C04: TFormulaVarRename (ccl_tcnf.c:1540)
==28810==    by 0x742BD8: TFormulaVarRename (ccl_tcnf.c:1536)
==28810==    by 0x742BD8: TFormulaVarRename (ccl_tcnf.c:1536)
==28810== 
==28810== 136 (120 direct, 16 indirect) bytes in 1 blocks are definitely lost in loss record 464 of 893
==28810==    at 0x4C2DB8F: malloc (in /usr/lib/valgrind/vgpreload_memcheck-amd64-linux.so)
==28810==    by 0x778515: SecureMalloc (clb_memory.c:157)
==28810==    by 0x76023C: SizeMallocReal (clb_memory.h:177)
==28810==    by 0x76023C: TermDefaultCellAlloc (cte_termtypes.h:505)
==28810==    by 0x76023C: TermTopCopyWithoutArgs (cte_termtypes.h:442)
==28810==    by 0x76023C: TBInsertNoProps (cte_termbanks.c:693)
==28810==    by 0x76039C: TBInsertNoProps (cte_termbanks.c:701)
==28810==    by 0x76039C: TBInsertNoProps (cte_termbanks.c:701)
==28810==    by 0x742BB7: TFormulaVarRename (ccl_tcnf.c:1529)
==28810==    by 0x742C48: TFormulaVarRename (ccl_tcnf.c:1544)
==28810==    by 0x742C04: TFormulaVarRename (ccl_tcnf.c:1540)
==28810==    by 0x742C04: TFormulaVarRename (ccl_tcnf.c:1540)
==28810==    by 0x742C04: TFormulaVarRename (ccl_tcnf.c:1540)
==28810==    by 0x742C04: TFormulaVarRename (ccl_tcnf.c:1540)
==28810==    by 0x742BD8: TFormulaVarRename (ccl_tcnf.c:1536)
==28810== 
==28810== 136 (120 direct, 16 indirect) bytes in 1 blocks are definitely lost in loss record 465 of 893
==28810==    at 0x4C2DB8F: malloc (in /usr/lib/valgrind/vgpreload_memcheck-amd64-linux.so)
==28810==    by 0x778515: SecureMalloc (clb_memory.c:157)
==28810==    by 0x76023C: SizeMallocReal (clb_memory.h:177)
==28810==    by 0x76023C: TermDefaultCellAlloc (cte_termtypes.h:505)
==28810==    by 0x76023C: TermTopCopyWithoutArgs (cte_termtypes.h:442)
==28810==    by 0x76023C: TBInsertNoProps (cte_termbanks.c:693)
==28810==    by 0x742BB7: TFormulaVarRename (ccl_tcnf.c:1529)
==28810==    by 0x742C04: TFormulaVarRename (ccl_tcnf.c:1540)
==28810==    by 0x742C04: TFormulaVarRename (ccl_tcnf.c:1540)
==28810==    by 0x742C04: TFormulaVarRename (ccl_tcnf.c:1540)
==28810==    by 0x742C04: TFormulaVarRename (ccl_tcnf.c:1540)
==28810==    by 0x742C04: TFormulaVarRename (ccl_tcnf.c:1540)
==28810==    by 0x742BD8: TFormulaVarRename (ccl_tcnf.c:1536)
==28810==    by 0x742BD8: TFormulaVarRename (ccl_tcnf.c:1536)
==28810==    by 0x742BD8: TFormulaVarRename (ccl_tcnf.c:1536)
==28810== 
==28810== 136 (120 direct, 16 indirect) bytes in 1 blocks are definitely lost in loss record 466 of 893
==28810==    at 0x4C2DB8F: malloc (in /usr/lib/valgrind/vgpreload_memcheck-amd64-linux.so)
==28810==    by 0x778515: SecureMalloc (clb_memory.c:157)
==28810==    by 0x76023C: SizeMallocReal (clb_memory.h:177)
==28810==    by 0x76023C: TermDefaultCellAlloc (cte_termtypes.h:505)
==28810==    by 0x76023C: TermTopCopyWithoutArgs (cte_termtypes.h:442)
==28810==    by 0x76023C: TBInsertNoProps (cte_termbanks.c:693)
==28810==    by 0x76039C: TBInsertNoProps (cte_termbanks.c:701)
==28810==    by 0x742BB7: TFormulaVarRename (ccl_tcnf.c:1529)
==28810==    by 0x742C48: TFormulaVarRename (ccl_tcnf.c:1544)
==28810==    by 0x742C04: TFormulaVarRename (ccl_tcnf.c:1540)
==28810==    by 0x742BD8: TFormulaVarRename (ccl_tcnf.c:1536)
==28810==    by 0x742BD8: TFormulaVarRename (ccl_tcnf.c:1536)
==28810==    by 0x742BD8: TFormulaVarRename (ccl_tcnf.c:1536)
==28810==    by 0x74385E: WTFormulaConjunctiveNF2 (ccl_tcnf.c:1862)
==28810==    by 0x7285CF: WFormulaCNF2 (ccl_formulafunc.c:479)
==28810== 
==28810== 136 (120 direct, 16 indirect) bytes in 1 blocks are definitely lost in loss record 467 of 893
==28810==    at 0x4C2DB8F: malloc (in /usr/lib/valgrind/vgpreload_memcheck-amd64-linux.so)
==28810==    by 0x778515: SecureMalloc (clb_memory.c:157)
==28810==    by 0x76023C: SizeMallocReal (clb_memory.h:177)
==28810==    by 0x76023C: TermDefaultCellAlloc (cte_termtypes.h:505)
==28810==    by 0x76023C: TermTopCopyWithoutArgs (cte_termtypes.h:442)
==28810==    by 0x76023C: TBInsertNoProps (cte_termbanks.c:693)
==28810==    by 0x76039C: TBInsertNoProps (cte_termbanks.c:701)
==28810==    by 0x742BB7: TFormulaVarRename (ccl_tcnf.c:1529)
==28810==    by 0x742C48: TFormulaVarRename (ccl_tcnf.c:1544)
==28810==    by 0x742BD8: TFormulaVarRename (ccl_tcnf.c:1536)
==28810==    by 0x742BD8: TFormulaVarRename (ccl_tcnf.c:1536)
==28810==    by 0x742BD8: TFormulaVarRename (ccl_tcnf.c:1536)
==28810==    by 0x74385E: WTFormulaConjunctiveNF2 (ccl_tcnf.c:1862)
==28810==    by 0x7285CF: WFormulaCNF2 (ccl_formulafunc.c:479)
==28810==    by 0x729043: FormulaSetCNF2 (ccl_formulafunc.c:643)
==28810== 
==28810== 136 (120 direct, 16 indirect) bytes in 1 blocks are definitely lost in loss record 468 of 893
==28810==    at 0x4C2DB8F: malloc (in /usr/lib/valgrind/vgpreload_memcheck-amd64-linux.so)
==28810==    by 0x778515: SecureMalloc (clb_memory.c:157)
==28810==    by 0x76023C: SizeMallocReal (clb_memory.h:177)
==28810==    by 0x76023C: TermDefaultCellAlloc (cte_termtypes.h:505)
==28810==    by 0x76023C: TermTopCopyWithoutArgs (cte_termtypes.h:442)
==28810==    by 0x76023C: TBInsertNoProps (cte_termbanks.c:693)
==28810==    by 0x76039C: TBInsertNoProps (cte_termbanks.c:701)
==28810==    by 0x76039C: TBInsertNoProps (cte_termbanks.c:701)
==28810==    by 0x742BB7: TFormulaVarRename (ccl_tcnf.c:1529)
==28810==    by 0x742C48: TFormulaVarRename (ccl_tcnf.c:1544)
==28810==    by 0x742BD8: TFormulaVarRename (ccl_tcnf.c:1536)
==28810==    by 0x742BD8: TFormulaVarRename (ccl_tcnf.c:1536)
==28810==    by 0x742BD8: TFormulaVarRename (ccl_tcnf.c:1536)
==28810==    by 0x74385E: WTFormulaConjunctiveNF2 (ccl_tcnf.c:1862)
==28810==    by 0x7285CF: WFormulaCNF2 (ccl_formulafunc.c:479)
==28810== 
==28810== 136 (120 direct, 16 indirect) bytes in 1 blocks are definitely lost in loss record 469 of 893
==28810==    at 0x4C2DB8F: malloc (in /usr/lib/valgrind/vgpreload_memcheck-amd64-linux.so)
==28810==    by 0x778515: SecureMalloc (clb_memory.c:157)
==28810==    by 0x76023C: SizeMallocReal (clb_memory.h:177)
==28810==    by 0x76023C: TermDefaultCellAlloc (cte_termtypes.h:505)
==28810==    by 0x76023C: TermTopCopyWithoutArgs (cte_termtypes.h:442)
==28810==    by 0x76023C: TBInsertNoProps (cte_termbanks.c:693)
==28810==    by 0x76039C: TBInsertNoProps (cte_termbanks.c:701)
==28810==    by 0x76039C: TBInsertNoProps (cte_termbanks.c:701)
==28810==    by 0x76039C: TBInsertNoProps (cte_termbanks.c:701)
==28810==    by 0x740AAF: tformula_rek_skolemize (ccl_tcnf.c:251)
==28810==    by 0x740C93: tformula_rek_skolemize (ccl_tcnf.c:284)
==28810==    by 0x740C52: tformula_rek_skolemize (ccl_tcnf.c:279)
==28810==    by 0x740BC5: tformula_rek_skolemize (ccl_tcnf.c:270)
==28810==    by 0x740BC5: tformula_rek_skolemize (ccl_tcnf.c:270)
==28810==    by 0x742DDE: TFormulaSkolemizeOutermost (ccl_tcnf.c:1586)
==28810== 
==28810== 272 (120 direct, 152 indirect) bytes in 1 blocks are definitely lost in loss record 566 of 893
==28810==    at 0x4C2DB8F: malloc (in /usr/lib/valgrind/vgpreload_memcheck-amd64-linux.so)
==28810==    by 0x778515: SecureMalloc (clb_memory.c:157)
==28810==    by 0x76023C: SizeMallocReal (clb_memory.h:177)
==28810==    by 0x76023C: TermDefaultCellAlloc (cte_termtypes.h:505)
==28810==    by 0x76023C: TermTopCopyWithoutArgs (cte_termtypes.h:442)
==28810==    by 0x76023C: TBInsertNoProps (cte_termbanks.c:693)
==28810==    by 0x76039C: TBInsertNoProps (cte_termbanks.c:701)
==28810==    by 0x76039C: TBInsertNoProps (cte_termbanks.c:701)
==28810==    by 0x76039C: TBInsertNoProps (cte_termbanks.c:701)
==28810==    by 0x740AAF: tformula_rek_skolemize (ccl_tcnf.c:251)
==28810==    by 0x740C93: tformula_rek_skolemize (ccl_tcnf.c:284)
==28810==    by 0x740C52: tformula_rek_skolemize (ccl_tcnf.c:279)
==28810==    by 0x740C52: tformula_rek_skolemize (ccl_tcnf.c:279)
==28810==    by 0x740C52: tformula_rek_skolemize (ccl_tcnf.c:279)
==28810==    by 0x740BC5: tformula_rek_skolemize (ccl_tcnf.c:270)
==28810== 
==28810== 272 (240 direct, 32 indirect) bytes in 2 blocks are definitely lost in loss record 567 of 893
==28810==    at 0x4C2DB8F: malloc (in /usr/lib/valgrind/vgpreload_memcheck-amd64-linux.so)
==28810==    by 0x778515: SecureMalloc (clb_memory.c:157)
==28810==    by 0x712768: SizeMallocReal (clb_memory.h:177)
==28810==    by 0x712768: TermDefaultCellAlloc (cte_termtypes.h:505)
==28810==    by 0x712768: TermTopAlloc (cte_termtypes.h:557)
==28810==    by 0x712768: TFormulaFCodeAlloc (ccl_tformulae.c:602)
==28810==    by 0x713B34: assoc_tform_tstp_parse (ccl_tformulae.c:408)
==28810==    by 0x7139C7: literal_tform_tstp_parse (ccl_tformulae.c:469)
==28810==    by 0x713D98: quantified_tform_tstp_parse (ccl_tformulae.c:372)
==28810==    by 0x713871: literal_tform_tstp_parse (ccl_tformulae.c:435)
==28810==    by 0x713763: TFormulaTSTPParse (ccl_tformulae.c:1057)
==28810==    by 0x7156B7: WFormulaTSTPParse (ccl_formula_wrapper.c:447)
==28810==    by 0x715904: WFormulaParse (ccl_formula_wrapper.c:626)
==28810==    by 0x727C55: FormulaAndClauseSetParse (ccl_formulafunc.c:750)
==28810==    by 0x401F96: parse_spec (eprover.c:161)
==28810== 
==28810== 272 (240 direct, 32 indirect) bytes in 2 blocks are definitely lost in loss record 568 of 893
==28810==    at 0x4C2DB8F: malloc (in /usr/lib/valgrind/vgpreload_memcheck-amd64-linux.so)
==28810==    by 0x778515: SecureMalloc (clb_memory.c:157)
==28810==    by 0x75F569: SizeMallocReal (clb_memory.h:177)
==28810==    by 0x75F569: TermDefaultCellAlloc (cte_termtypes.h:505)
==28810==    by 0x75F569: normalize_head (cte_termbanks.c:380)
==28810==    by 0x7623D6: TBTermParseRealHO (cte_termbanks.c:1471)
==28810==    by 0x762258: TBTermParseRealHO (cte_termbanks.c:1454)
==28810==    by 0x70A9DE: TBTermParse (cte_termbanks.h:187)
==28810==    by 0x70A9DE: eqn_parse_infix (ccl_eqn.c:320)
==28810==    by 0x70B238: eqn_parse_real (ccl_eqn.c:547)
==28810==    by 0x70B4BE: EqnFOFParse (ccl_eqn.c:704)
==28810==    by 0x713A9A: literal_tform_tstp_parse (ccl_tformulae.c:493)
==28810==    by 0x713B23: assoc_tform_tstp_parse (ccl_tformulae.c:407)
==28810==    by 0x7139C7: literal_tform_tstp_parse (ccl_tformulae.c:469)
==28810==    by 0x713D98: quantified_tform_tstp_parse (ccl_tformulae.c:372)
==28810== 
==28810== 272 (240 direct, 32 indirect) bytes in 2 blocks are definitely lost in loss record 569 of 893
==28810==    at 0x4C2DB8F: malloc (in /usr/lib/valgrind/vgpreload_memcheck-amd64-linux.so)
==28810==    by 0x778515: SecureMalloc (clb_memory.c:157)
==28810==    by 0x75F3F2: SizeMallocReal (clb_memory.h:177)
==28810==    by 0x75F3F2: TermDefaultCellAlloc (cte_termtypes.h:505)
==28810==    by 0x75F3F2: make_head (cte_termbanks.c:441)
==28810==    by 0x762080: parse_one_ho (cte_termbanks.c:494)
==28810==    by 0x762080: TBTermParseRealHO (cte_termbanks.c:1427)
==28810==    by 0x70B514: TBTermParse (cte_termbanks.h:187)
==28810==    by 0x70B514: EqnHOFParse (ccl_eqn.c:717)
==28810==    by 0x713975: literal_tform_tstp_parse (ccl_tformulae.c:461)
==28810==    by 0x713D98: quantified_tform_tstp_parse (ccl_tformulae.c:372)
==28810==    by 0x713CD9: quantified_tform_tstp_parse (ccl_tformulae.c:348)
==28810==    by 0x713871: literal_tform_tstp_parse (ccl_tformulae.c:435)
==28810==    by 0x713763: TFormulaTSTPParse (ccl_tformulae.c:1057)
==28810==    by 0x7156B7: WFormulaTSTPParse (ccl_formula_wrapper.c:447)
==28810==    by 0x715904: WFormulaParse (ccl_formula_wrapper.c:626)
==28810== 
==28810== 272 (240 direct, 32 indirect) bytes in 2 blocks are definitely lost in loss record 570 of 893
==28810==    at 0x4C2DB8F: malloc (in /usr/lib/valgrind/vgpreload_memcheck-amd64-linux.so)
==28810==    by 0x778515: SecureMalloc (clb_memory.c:157)
==28810==    by 0x712768: SizeMallocReal (clb_memory.h:177)
==28810==    by 0x712768: TermDefaultCellAlloc (cte_termtypes.h:505)
==28810==    by 0x712768: TermTopAlloc (cte_termtypes.h:557)
==28810==    by 0x712768: TFormulaFCodeAlloc (ccl_tformulae.c:602)
==28810==    by 0x713A8A: literal_tform_tstp_parse (ccl_tformulae.c:488)
==28810==    by 0x713B23: assoc_tform_tstp_parse (ccl_tformulae.c:407)
==28810==    by 0x7139C7: literal_tform_tstp_parse (ccl_tformulae.c:469)
==28810==    by 0x713D98: quantified_tform_tstp_parse (ccl_tformulae.c:372)
==28810==    by 0x713CD9: quantified_tform_tstp_parse (ccl_tformulae.c:348)
==28810==    by 0x713871: literal_tform_tstp_parse (ccl_tformulae.c:435)
==28810==    by 0x713763: TFormulaTSTPParse (ccl_tformulae.c:1057)
==28810==    by 0x7156B7: WFormulaTSTPParse (ccl_formula_wrapper.c:447)
==28810==    by 0x715904: WFormulaParse (ccl_formula_wrapper.c:626)
==28810== 
==28810== 272 (240 direct, 32 indirect) bytes in 2 blocks are definitely lost in loss record 571 of 893
==28810==    at 0x4C2DB8F: malloc (in /usr/lib/valgrind/vgpreload_memcheck-amd64-linux.so)
==28810==    by 0x778515: SecureMalloc (clb_memory.c:157)
==28810==    by 0x712768: SizeMallocReal (clb_memory.h:177)
==28810==    by 0x712768: TermDefaultCellAlloc (cte_termtypes.h:505)
==28810==    by 0x712768: TermTopAlloc (cte_termtypes.h:557)
==28810==    by 0x712768: TFormulaFCodeAlloc (ccl_tformulae.c:602)
==28810==    by 0x713A8A: literal_tform_tstp_parse (ccl_tformulae.c:488)
==28810==    by 0x713B23: assoc_tform_tstp_parse (ccl_tformulae.c:407)
==28810==    by 0x7139C7: literal_tform_tstp_parse (ccl_tformulae.c:469)
==28810==    by 0x713D98: quantified_tform_tstp_parse (ccl_tformulae.c:372)
==28810==    by 0x713CD9: quantified_tform_tstp_parse (ccl_tformulae.c:348)
==28810==    by 0x713CD9: quantified_tform_tstp_parse (ccl_tformulae.c:348)
==28810==    by 0x713CD9: quantified_tform_tstp_parse (ccl_tformulae.c:348)
==28810==    by 0x713871: literal_tform_tstp_parse (ccl_tformulae.c:435)
==28810==    by 0x713763: TFormulaTSTPParse (ccl_tformulae.c:1057)
==28810== 
==28810== 272 (240 direct, 32 indirect) bytes in 2 blocks are definitely lost in loss record 572 of 893
==28810==    at 0x4C2DB8F: malloc (in /usr/lib/valgrind/vgpreload_memcheck-amd64-linux.so)
==28810==    by 0x778515: SecureMalloc (clb_memory.c:157)
==28810==    by 0x76023C: SizeMallocReal (clb_memory.h:177)
==28810==    by 0x76023C: TermDefaultCellAlloc (cte_termtypes.h:505)
==28810==    by 0x76023C: TermTopCopyWithoutArgs (cte_termtypes.h:442)
==28810==    by 0x76023C: TBInsertNoProps (cte_termbanks.c:693)
==28810==    by 0x76039C: TBInsertNoProps (cte_termbanks.c:701)
==28810==    by 0x76039C: TBInsertNoProps (cte_termbanks.c:701)
==28810==    by 0x742BB7: TFormulaVarRename (ccl_tcnf.c:1529)
==28810==    by 0x742C04: TFormulaVarRename (ccl_tcnf.c:1540)
==28810==    by 0x742C04: TFormulaVarRename (ccl_tcnf.c:1540)
==28810==    by 0x742C04: TFormulaVarRename (ccl_tcnf.c:1540)
==28810==    by 0x742C04: TFormulaVarRename (ccl_tcnf.c:1540)
==28810==    by 0x742BD8: TFormulaVarRename (ccl_tcnf.c:1536)
==28810==    by 0x742BD8: TFormulaVarRename (ccl_tcnf.c:1536)
==28810== 
==28810== 272 (240 direct, 32 indirect) bytes in 2 blocks are definitely lost in loss record 573 of 893
==28810==    at 0x4C2DB8F: malloc (in /usr/lib/valgrind/vgpreload_memcheck-amd64-linux.so)
==28810==    by 0x778515: SecureMalloc (clb_memory.c:157)
==28810==    by 0x76023C: SizeMallocReal (clb_memory.h:177)
==28810==    by 0x76023C: TermDefaultCellAlloc (cte_termtypes.h:505)
==28810==    by 0x76023C: TermTopCopyWithoutArgs (cte_termtypes.h:442)
==28810==    by 0x76023C: TBInsertNoProps (cte_termbanks.c:693)
==28810==    by 0x76039C: TBInsertNoProps (cte_termbanks.c:701)
==28810==    by 0x76039C: TBInsertNoProps (cte_termbanks.c:701)
==28810==    by 0x76039C: TBInsertNoProps (cte_termbanks.c:701)
==28810==    by 0x740AAF: tformula_rek_skolemize (ccl_tcnf.c:251)
==28810==    by 0x740C93: tformula_rek_skolemize (ccl_tcnf.c:284)
==28810==    by 0x740C52: tformula_rek_skolemize (ccl_tcnf.c:279)
==28810==    by 0x740C52: tformula_rek_skolemize (ccl_tcnf.c:279)
==28810==    by 0x740BC5: tformula_rek_skolemize (ccl_tcnf.c:270)
==28810==    by 0x740BC5: tformula_rek_skolemize (ccl_tcnf.c:270)
==28810== 
==28810== 272 (240 direct, 32 indirect) bytes in 2 blocks are definitely lost in loss record 574 of 893
==28810==    at 0x4C2DB8F: malloc (in /usr/lib/valgrind/vgpreload_memcheck-amd64-linux.so)
==28810==    by 0x778515: SecureMalloc (clb_memory.c:157)
==28810==    by 0x76023C: SizeMallocReal (clb_memory.h:177)
==28810==    by 0x76023C: TermDefaultCellAlloc (cte_termtypes.h:505)
==28810==    by 0x76023C: TermTopCopyWithoutArgs (cte_termtypes.h:442)
==28810==    by 0x76023C: TBInsertNoProps (cte_termbanks.c:693)
==28810==    by 0x76039C: TBInsertNoProps (cte_termbanks.c:701)
==28810==    by 0x76039C: TBInsertNoProps (cte_termbanks.c:701)
==28810==    by 0x740AAF: tformula_rek_skolemize (ccl_tcnf.c:251)
==28810==    by 0x740C52: tformula_rek_skolemize (ccl_tcnf.c:279)
==28810==    by 0x740C52: tformula_rek_skolemize (ccl_tcnf.c:279)
==28810==    by 0x740C52: tformula_rek_skolemize (ccl_tcnf.c:279)
==28810==    by 0x740C52: tformula_rek_skolemize (ccl_tcnf.c:279)
==28810==    by 0x740BC5: tformula_rek_skolemize (ccl_tcnf.c:270)
==28810==    by 0x740BC5: tformula_rek_skolemize (ccl_tcnf.c:270)
==28810== 
==28810== 272 (240 direct, 32 indirect) bytes in 2 blocks are definitely lost in loss record 575 of 893
==28810==    at 0x4C2DB8F: malloc (in /usr/lib/valgrind/vgpreload_memcheck-amd64-linux.so)
==28810==    by 0x778515: SecureMalloc (clb_memory.c:157)
==28810==    by 0x76023C: SizeMallocReal (clb_memory.h:177)
==28810==    by 0x76023C: TermDefaultCellAlloc (cte_termtypes.h:505)
==28810==    by 0x76023C: TermTopCopyWithoutArgs (cte_termtypes.h:442)
==28810==    by 0x76023C: TBInsertNoProps (cte_termbanks.c:693)
==28810==    by 0x742BB7: TFormulaVarRename (ccl_tcnf.c:1529)
==28810==    by 0x742C04: TFormulaVarRename (ccl_tcnf.c:1540)
==28810==    by 0x742C04: TFormulaVarRename (ccl_tcnf.c:1540)
==28810==    by 0x742C04: TFormulaVarRename (ccl_tcnf.c:1540)
==28810==    by 0x742C04: TFormulaVarRename (ccl_tcnf.c:1540)
==28810==    by 0x742C04: TFormulaVarRename (ccl_tcnf.c:1540)
==28810==    by 0x742BD8: TFormulaVarRename (ccl_tcnf.c:1536)
==28810==    by 0x742BD8: TFormulaVarRename (ccl_tcnf.c:1536)
==28810==    by 0x74385E: WTFormulaConjunctiveNF2 (ccl_tcnf.c:1862)
==28810== 
==28810== 272 (240 direct, 32 indirect) bytes in 2 blocks are definitely lost in loss record 576 of 893
==28810==    at 0x4C2DB8F: malloc (in /usr/lib/valgrind/vgpreload_memcheck-amd64-linux.so)
==28810==    by 0x778515: SecureMalloc (clb_memory.c:157)
==28810==    by 0x76023C: SizeMallocReal (clb_memory.h:177)
==28810==    by 0x76023C: TermDefaultCellAlloc (cte_termtypes.h:505)
==28810==    by 0x76023C: TermTopCopyWithoutArgs (cte_termtypes.h:442)
==28810==    by 0x76023C: TBInsertNoProps (cte_termbanks.c:693)
==28810==    by 0x76039C: TBInsertNoProps (cte_termbanks.c:701)
==28810==    by 0x76039C: TBInsertNoProps (cte_termbanks.c:701)
==28810==    by 0x76039C: TBInsertNoProps (cte_termbanks.c:701)
==28810==    by 0x742BB7: TFormulaVarRename (ccl_tcnf.c:1529)
==28810==    by 0x742C48: TFormulaVarRename (ccl_tcnf.c:1544)
==28810==    by 0x742C04: TFormulaVarRename (ccl_tcnf.c:1540)
==28810==    by 0x742C04: TFormulaVarRename (ccl_tcnf.c:1540)
==28810==    by 0x742C04: TFormulaVarRename (ccl_tcnf.c:1540)
==28810==    by 0x742C04: TFormulaVarRename (ccl_tcnf.c:1540)
==28810== 
==28810== 408 (240 direct, 168 indirect) bytes in 2 blocks are definitely lost in loss record 644 of 893
==28810==    at 0x4C2DB8F: malloc (in /usr/lib/valgrind/vgpreload_memcheck-amd64-linux.so)
==28810==    by 0x778515: SecureMalloc (clb_memory.c:157)
==28810==    by 0x76023C: SizeMallocReal (clb_memory.h:177)
==28810==    by 0x76023C: TermDefaultCellAlloc (cte_termtypes.h:505)
==28810==    by 0x76023C: TermTopCopyWithoutArgs (cte_termtypes.h:442)
==28810==    by 0x76023C: TBInsertNoProps (cte_termbanks.c:693)
==28810==    by 0x76039C: TBInsertNoProps (cte_termbanks.c:701)
==28810==    by 0x76039C: TBInsertNoProps (cte_termbanks.c:701)
==28810==    by 0x740AAF: tformula_rek_skolemize (ccl_tcnf.c:251)
==28810==    by 0x740C52: tformula_rek_skolemize (ccl_tcnf.c:279)
==28810==    by 0x740C52: tformula_rek_skolemize (ccl_tcnf.c:279)
==28810==    by 0x740C52: tformula_rek_skolemize (ccl_tcnf.c:279)
==28810==    by 0x740C52: tformula_rek_skolemize (ccl_tcnf.c:279)
==28810==    by 0x740C52: tformula_rek_skolemize (ccl_tcnf.c:279)
==28810==    by 0x740BC5: tformula_rek_skolemize (ccl_tcnf.c:270)
==28810== 
==28810== 408 (360 direct, 48 indirect) bytes in 3 blocks are definitely lost in loss record 645 of 893
==28810==    at 0x4C2DB8F: malloc (in /usr/lib/valgrind/vgpreload_memcheck-amd64-linux.so)
==28810==    by 0x778515: SecureMalloc (clb_memory.c:157)
==28810==    by 0x712768: SizeMallocReal (clb_memory.h:177)
==28810==    by 0x712768: TermDefaultCellAlloc (cte_termtypes.h:505)
==28810==    by 0x712768: TermTopAlloc (cte_termtypes.h:557)
==28810==    by 0x712768: TFormulaFCodeAlloc (ccl_tformulae.c:602)
==28810==    by 0x713B34: assoc_tform_tstp_parse (ccl_tformulae.c:408)
==28810==    by 0x7139C7: literal_tform_tstp_parse (ccl_tformulae.c:469)
==28810==    by 0x713D98: quantified_tform_tstp_parse (ccl_tformulae.c:372)
==28810==    by 0x713CD9: quantified_tform_tstp_parse (ccl_tformulae.c:348)
==28810==    by 0x713871: literal_tform_tstp_parse (ccl_tformulae.c:435)
==28810==    by 0x713763: TFormulaTSTPParse (ccl_tformulae.c:1057)
==28810==    by 0x7156B7: WFormulaTSTPParse (ccl_formula_wrapper.c:447)
==28810==    by 0x715904: WFormulaParse (ccl_formula_wrapper.c:626)
==28810==    by 0x727C55: FormulaAndClauseSetParse (ccl_formulafunc.c:750)
==28810== 
==28810== 408 (360 direct, 48 indirect) bytes in 3 blocks are definitely lost in loss record 646 of 893
==28810==    at 0x4C2DB8F: malloc (in /usr/lib/valgrind/vgpreload_memcheck-amd64-linux.so)
==28810==    by 0x778515: SecureMalloc (clb_memory.c:157)
==28810==    by 0x70B8A5: SizeMallocReal (clb_memory.h:177)
==28810==    by 0x70B8A5: TermDefaultCellAlloc (cte_termtypes.h:505)
==28810==    by 0x70B8A5: EqnTermsTBTermEncode (ccl_eqn.c:800)
==28810==    by 0x71290F: TFormulaLitAlloc (ccl_tformulae.c:641)
==28810==    by 0x713AA5: literal_tform_tstp_parse (ccl_tformulae.c:494)
==28810==    by 0x713B23: assoc_tform_tstp_parse (ccl_tformulae.c:407)
==28810==    by 0x7139C7: literal_tform_tstp_parse (ccl_tformulae.c:469)
==28810==    by 0x713D98: quantified_tform_tstp_parse (ccl_tformulae.c:372)
==28810==    by 0x713CD9: quantified_tform_tstp_parse (ccl_tformulae.c:348)
==28810==    by 0x713CD9: quantified_tform_tstp_parse (ccl_tformulae.c:348)
==28810==    by 0x713CD9: quantified_tform_tstp_parse (ccl_tformulae.c:348)
==28810==    by 0x713871: literal_tform_tstp_parse (ccl_tformulae.c:435)
==28810== 
==28810== 408 (360 direct, 48 indirect) bytes in 3 blocks are definitely lost in loss record 647 of 893
==28810==    at 0x4C2DB8F: malloc (in /usr/lib/valgrind/vgpreload_memcheck-amd64-linux.so)
==28810==    by 0x778515: SecureMalloc (clb_memory.c:157)
==28810==    by 0x70B8A5: SizeMallocReal (clb_memory.h:177)
==28810==    by 0x70B8A5: TermDefaultCellAlloc (cte_termtypes.h:505)
==28810==    by 0x70B8A5: EqnTermsTBTermEncode (ccl_eqn.c:800)
==28810==    by 0x71290F: TFormulaLitAlloc (ccl_tformulae.c:641)
==28810==    by 0x713AA5: literal_tform_tstp_parse (ccl_tformulae.c:494)
==28810==    by 0x713A72: literal_tform_tstp_parse (ccl_tformulae.c:487)
==28810==    by 0x713B23: assoc_tform_tstp_parse (ccl_tformulae.c:407)
==28810==    by 0x7139C7: literal_tform_tstp_parse (ccl_tformulae.c:469)
==28810==    by 0x713D98: quantified_tform_tstp_parse (ccl_tformulae.c:372)
==28810==    by 0x713CD9: quantified_tform_tstp_parse (ccl_tformulae.c:348)
==28810==    by 0x713CD9: quantified_tform_tstp_parse (ccl_tformulae.c:348)
==28810==    by 0x713CD9: quantified_tform_tstp_parse (ccl_tformulae.c:348)
==28810== 
==28810== 408 (360 direct, 48 indirect) bytes in 3 blocks are definitely lost in loss record 648 of 893
==28810==    at 0x4C2DB8F: malloc (in /usr/lib/valgrind/vgpreload_memcheck-amd64-linux.so)
==28810==    by 0x778515: SecureMalloc (clb_memory.c:157)
==28810==    by 0x76023C: SizeMallocReal (clb_memory.h:177)
==28810==    by 0x76023C: TermDefaultCellAlloc (cte_termtypes.h:505)
==28810==    by 0x76023C: TermTopCopyWithoutArgs (cte_termtypes.h:442)
==28810==    by 0x76023C: TBInsertNoProps (cte_termbanks.c:693)
==28810==    by 0x742BB7: TFormulaVarRename (ccl_tcnf.c:1529)
==28810==    by 0x742C04: TFormulaVarRename (ccl_tcnf.c:1540)
==28810==    by 0x742C04: TFormulaVarRename (ccl_tcnf.c:1540)
==28810==    by 0x742C04: TFormulaVarRename (ccl_tcnf.c:1540)
==28810==    by 0x742C04: TFormulaVarRename (ccl_tcnf.c:1540)
==28810==    by 0x742BD8: TFormulaVarRename (ccl_tcnf.c:1536)
==28810==    by 0x742BD8: TFormulaVarRename (ccl_tcnf.c:1536)
==28810==    by 0x74385E: WTFormulaConjunctiveNF2 (ccl_tcnf.c:1862)
==28810==    by 0x7285CF: WFormulaCNF2 (ccl_formulafunc.c:479)
==28810== 
==28810== 408 (360 direct, 48 indirect) bytes in 3 blocks are definitely lost in loss record 649 of 893
==28810==    at 0x4C2DB8F: malloc (in /usr/lib/valgrind/vgpreload_memcheck-amd64-linux.so)
==28810==    by 0x778515: SecureMalloc (clb_memory.c:157)
==28810==    by 0x76023C: SizeMallocReal (clb_memory.h:177)
==28810==    by 0x76023C: TermDefaultCellAlloc (cte_termtypes.h:505)
==28810==    by 0x76023C: TermTopCopyWithoutArgs (cte_termtypes.h:442)
==28810==    by 0x76023C: TBInsertNoProps (cte_termbanks.c:693)
==28810==    by 0x76039C: TBInsertNoProps (cte_termbanks.c:701)
==28810==    by 0x742BB7: TFormulaVarRename (ccl_tcnf.c:1529)
==28810==    by 0x742C04: TFormulaVarRename (ccl_tcnf.c:1540)
==28810==    by 0x742C04: TFormulaVarRename (ccl_tcnf.c:1540)
==28810==    by 0x742C04: TFormulaVarRename (ccl_tcnf.c:1540)
==28810==    by 0x742C04: TFormulaVarRename (ccl_tcnf.c:1540)
==28810==    by 0x742C04: TFormulaVarRename (ccl_tcnf.c:1540)
==28810==    by 0x742BD8: TFormulaVarRename (ccl_tcnf.c:1536)
==28810==    by 0x742BD8: TFormulaVarRename (ccl_tcnf.c:1536)
==28810== 
==28810== 408 (360 direct, 48 indirect) bytes in 3 blocks are definitely lost in loss record 650 of 893
==28810==    at 0x4C2DB8F: malloc (in /usr/lib/valgrind/vgpreload_memcheck-amd64-linux.so)
==28810==    by 0x778515: SecureMalloc (clb_memory.c:157)
==28810==    by 0x76023C: SizeMallocReal (clb_memory.h:177)
==28810==    by 0x76023C: TermDefaultCellAlloc (cte_termtypes.h:505)
==28810==    by 0x76023C: TermTopCopyWithoutArgs (cte_termtypes.h:442)
==28810==    by 0x76023C: TBInsertNoProps (cte_termbanks.c:693)
==28810==    by 0x76039C: TBInsertNoProps (cte_termbanks.c:701)
==28810==    by 0x740AAF: tformula_rek_skolemize (ccl_tcnf.c:251)
==28810==    by 0x740C52: tformula_rek_skolemize (ccl_tcnf.c:279)
==28810==    by 0x740C52: tformula_rek_skolemize (ccl_tcnf.c:279)
==28810==    by 0x740C52: tformula_rek_skolemize (ccl_tcnf.c:279)
==28810==    by 0x740C52: tformula_rek_skolemize (ccl_tcnf.c:279)
==28810==    by 0x740C52: tformula_rek_skolemize (ccl_tcnf.c:279)
==28810==    by 0x740BC5: tformula_rek_skolemize (ccl_tcnf.c:270)
==28810==    by 0x740BC5: tformula_rek_skolemize (ccl_tcnf.c:270)
==28810== 
==28810== 408 (360 direct, 48 indirect) bytes in 3 blocks are definitely lost in loss record 651 of 893
==28810==    at 0x4C2DB8F: malloc (in /usr/lib/valgrind/vgpreload_memcheck-amd64-linux.so)
==28810==    by 0x778515: SecureMalloc (clb_memory.c:157)
==28810==    by 0x76023C: SizeMallocReal (clb_memory.h:177)
==28810==    by 0x76023C: TermDefaultCellAlloc (cte_termtypes.h:505)
==28810==    by 0x76023C: TermTopCopyWithoutArgs (cte_termtypes.h:442)
==28810==    by 0x76023C: TBInsertNoProps (cte_termbanks.c:693)
==28810==    by 0x76039C: TBInsertNoProps (cte_termbanks.c:701)
==28810==    by 0x76039C: TBInsertNoProps (cte_termbanks.c:701)
==28810==    by 0x742BB7: TFormulaVarRename (ccl_tcnf.c:1529)
==28810==    by 0x742C48: TFormulaVarRename (ccl_tcnf.c:1544)
==28810==    by 0x742C04: TFormulaVarRename (ccl_tcnf.c:1540)
==28810==    by 0x742BD8: TFormulaVarRename (ccl_tcnf.c:1536)
==28810==    by 0x742BD8: TFormulaVarRename (ccl_tcnf.c:1536)
==28810==    by 0x742BD8: TFormulaVarRename (ccl_tcnf.c:1536)
==28810==    by 0x74385E: WTFormulaConjunctiveNF2 (ccl_tcnf.c:1862)
==28810== 
==28810== 544 (360 direct, 184 indirect) bytes in 3 blocks are definitely lost in loss record 681 of 893
==28810==    at 0x4C2DB8F: malloc (in /usr/lib/valgrind/vgpreload_memcheck-amd64-linux.so)
==28810==    by 0x778515: SecureMalloc (clb_memory.c:157)
==28810==    by 0x712768: SizeMallocReal (clb_memory.h:177)
==28810==    by 0x712768: TermDefaultCellAlloc (cte_termtypes.h:505)
==28810==    by 0x712768: TermTopAlloc (cte_termtypes.h:557)
==28810==    by 0x712768: TFormulaFCodeAlloc (ccl_tformulae.c:602)
==28810==    by 0x741F09: TFormulaSimplify (ccl_tcnf.c:1118)
==28810==    by 0x741EE5: TFormulaSimplify (ccl_tcnf.c:1112)
==28810==    by 0x7437AA: WTFormulaConjunctiveNF2 (ccl_tcnf.c:1841)
==28810==    by 0x7285CF: WFormulaCNF2 (ccl_formulafunc.c:479)
==28810==    by 0x729043: FormulaSetCNF2 (ccl_formulafunc.c:643)
==28810==    by 0x403D78: main (eprover.c:451)
==28810== 
==28810== 544 (480 direct, 64 indirect) bytes in 4 blocks are definitely lost in loss record 682 of 893
==28810==    at 0x4C2DB8F: malloc (in /usr/lib/valgrind/vgpreload_memcheck-amd64-linux.so)
==28810==    by 0x778515: SecureMalloc (clb_memory.c:157)
==28810==    by 0x75F569: SizeMallocReal (clb_memory.h:177)
==28810==    by 0x75F569: TermDefaultCellAlloc (cte_termtypes.h:505)
==28810==    by 0x75F569: normalize_head (cte_termbanks.c:380)
==28810==    by 0x7623D6: TBTermParseRealHO (cte_termbanks.c:1471)
==28810==    by 0x70A9DE: TBTermParse (cte_termbanks.h:187)
==28810==    by 0x70A9DE: eqn_parse_infix (ccl_eqn.c:320)
==28810==    by 0x70B238: eqn_parse_real (ccl_eqn.c:547)
==28810==    by 0x70B4BE: EqnFOFParse (ccl_eqn.c:704)
==28810==    by 0x713A9A: literal_tform_tstp_parse (ccl_tformulae.c:493)
==28810==    by 0x713B23: assoc_tform_tstp_parse (ccl_tformulae.c:407)
==28810==    by 0x7139C7: literal_tform_tstp_parse (ccl_tformulae.c:469)
==28810==    by 0x713D98: quantified_tform_tstp_parse (ccl_tformulae.c:372)
==28810==    by 0x713CD9: quantified_tform_tstp_parse (ccl_tformulae.c:348)
==28810== 
==28810== 544 (480 direct, 64 indirect) bytes in 4 blocks are definitely lost in loss record 683 of 893
==28810==    at 0x4C2DB8F: malloc (in /usr/lib/valgrind/vgpreload_memcheck-amd64-linux.so)
==28810==    by 0x778515: SecureMalloc (clb_memory.c:157)
==28810==    by 0x70B8A5: SizeMallocReal (clb_memory.h:177)
==28810==    by 0x70B8A5: TermDefaultCellAlloc (cte_termtypes.h:505)
==28810==    by 0x70B8A5: EqnTermsTBTermEncode (ccl_eqn.c:800)
==28810==    by 0x71290F: TFormulaLitAlloc (ccl_tformulae.c:641)
==28810==    by 0x713980: literal_tform_tstp_parse (ccl_tformulae.c:462)
==28810==    by 0x713D98: quantified_tform_tstp_parse (ccl_tformulae.c:372)
==28810==    by 0x713CD9: quantified_tform_tstp_parse (ccl_tformulae.c:348)
==28810==    by 0x713CD9: quantified_tform_tstp_parse (ccl_tformulae.c:348)
==28810==    by 0x713CD9: quantified_tform_tstp_parse (ccl_tformulae.c:348)
==28810==    by 0x713871: literal_tform_tstp_parse (ccl_tformulae.c:435)
==28810==    by 0x713763: TFormulaTSTPParse (ccl_tformulae.c:1057)
==28810==    by 0x7156B7: WFormulaTSTPParse (ccl_formula_wrapper.c:447)
==28810== 
==28810== 544 (480 direct, 64 indirect) bytes in 4 blocks are definitely lost in loss record 684 of 893
==28810==    at 0x4C2DB8F: malloc (in /usr/lib/valgrind/vgpreload_memcheck-amd64-linux.so)
==28810==    by 0x778515: SecureMalloc (clb_memory.c:157)
==28810==    by 0x712768: SizeMallocReal (clb_memory.h:177)
==28810==    by 0x712768: TermDefaultCellAlloc (cte_termtypes.h:505)
==28810==    by 0x712768: TermTopAlloc (cte_termtypes.h:557)
==28810==    by 0x712768: TFormulaFCodeAlloc (ccl_tformulae.c:602)
==28810==    by 0x713DAD: quantified_tform_tstp_parse (ccl_tformulae.c:375)
==28810==    by 0x713CD9: quantified_tform_tstp_parse (ccl_tformulae.c:348)
==28810==    by 0x713CD9: quantified_tform_tstp_parse (ccl_tformulae.c:348)
==28810==    by 0x713CD9: quantified_tform_tstp_parse (ccl_tformulae.c:348)
==28810==    by 0x713871: literal_tform_tstp_parse (ccl_tformulae.c:435)
==28810==    by 0x713763: TFormulaTSTPParse (ccl_tformulae.c:1057)
==28810==    by 0x7156B7: WFormulaTSTPParse (ccl_formula_wrapper.c:447)
==28810==    by 0x715904: WFormulaParse (ccl_formula_wrapper.c:626)
==28810==    by 0x727C55: FormulaAndClauseSetParse (ccl_formulafunc.c:750)
==28810== 
==28810== 544 (480 direct, 64 indirect) bytes in 4 blocks are definitely lost in loss record 685 of 893
==28810==    at 0x4C2DB8F: malloc (in /usr/lib/valgrind/vgpreload_memcheck-amd64-linux.so)
==28810==    by 0x778515: SecureMalloc (clb_memory.c:157)
==28810==    by 0x712768: SizeMallocReal (clb_memory.h:177)
==28810==    by 0x712768: TermDefaultCellAlloc (cte_termtypes.h:505)
==28810==    by 0x712768: TermTopAlloc (cte_termtypes.h:557)
==28810==    by 0x712768: TFormulaFCodeAlloc (ccl_tformulae.c:602)
==28810==    by 0x741F09: TFormulaSimplify (ccl_tcnf.c:1118)
==28810==    by 0x7437AA: WTFormulaConjunctiveNF2 (ccl_tcnf.c:1841)
==28810==    by 0x7285CF: WFormulaCNF2 (ccl_formulafunc.c:479)
==28810==    by 0x729043: FormulaSetCNF2 (ccl_formulafunc.c:643)
==28810==    by 0x403D78: main (eprover.c:451)
==28810== 
==28810== 544 (480 direct, 64 indirect) bytes in 4 blocks are definitely lost in loss record 686 of 893
==28810==    at 0x4C2DB8F: malloc (in /usr/lib/valgrind/vgpreload_memcheck-amd64-linux.so)
==28810==    by 0x778515: SecureMalloc (clb_memory.c:157)
==28810==    by 0x76023C: SizeMallocReal (clb_memory.h:177)
==28810==    by 0x76023C: TermDefaultCellAlloc (cte_termtypes.h:505)
==28810==    by 0x76023C: TermTopCopyWithoutArgs (cte_termtypes.h:442)
==28810==    by 0x76023C: TBInsertNoProps (cte_termbanks.c:693)
==28810==    by 0x76039C: TBInsertNoProps (cte_termbanks.c:701)
==28810==    by 0x76039C: TBInsertNoProps (cte_termbanks.c:701)
==28810==    by 0x76039C: TBInsertNoProps (cte_termbanks.c:701)
==28810==    by 0x742BB7: TFormulaVarRename (ccl_tcnf.c:1529)
==28810==    by 0x742C48: TFormulaVarRename (ccl_tcnf.c:1544)
==28810==    by 0x742BD8: TFormulaVarRename (ccl_tcnf.c:1536)
==28810==    by 0x742BD8: TFormulaVarRename (ccl_tcnf.c:1536)
==28810==    by 0x74385E: WTFormulaConjunctiveNF2 (ccl_tcnf.c:1862)
==28810==    by 0x7285CF: WFormulaCNF2 (ccl_formulafunc.c:479)
==28810== 
==28810== 680 (600 direct, 80 indirect) bytes in 5 blocks are definitely lost in loss record 709 of 893
==28810==    at 0x4C2DB8F: malloc (in /usr/lib/valgrind/vgpreload_memcheck-amd64-linux.so)
==28810==    by 0x778515: SecureMalloc (clb_memory.c:157)
==28810==    by 0x76023C: SizeMallocReal (clb_memory.h:177)
==28810==    by 0x76023C: TermDefaultCellAlloc (cte_termtypes.h:505)
==28810==    by 0x76023C: TermTopCopyWithoutArgs (cte_termtypes.h:442)
==28810==    by 0x76023C: TBInsertNoProps (cte_termbanks.c:693)
==28810==    by 0x76039C: TBInsertNoProps (cte_termbanks.c:701)
==28810==    by 0x76039C: TBInsertNoProps (cte_termbanks.c:701)
==28810==    by 0x742BB7: TFormulaVarRename (ccl_tcnf.c:1529)
==28810==    by 0x742C04: TFormulaVarRename (ccl_tcnf.c:1540)
==28810==    by 0x742C04: TFormulaVarRename (ccl_tcnf.c:1540)
==28810==    by 0x742C04: TFormulaVarRename (ccl_tcnf.c:1540)
==28810==    by 0x742C04: TFormulaVarRename (ccl_tcnf.c:1540)
==28810==    by 0x742C04: TFormulaVarRename (ccl_tcnf.c:1540)
==28810==    by 0x742BD8: TFormulaVarRename (ccl_tcnf.c:1536)
==28810== 
==28810== 816 (720 direct, 96 indirect) bytes in 6 blocks are definitely lost in loss record 722 of 893
==28810==    at 0x4C2DB8F: malloc (in /usr/lib/valgrind/vgpreload_memcheck-amd64-linux.so)
==28810==    by 0x778515: SecureMalloc (clb_memory.c:157)
==28810==    by 0x75F3F2: SizeMallocReal (clb_memory.h:177)
==28810==    by 0x75F3F2: TermDefaultCellAlloc (cte_termtypes.h:505)
==28810==    by 0x75F3F2: make_head (cte_termbanks.c:441)
==28810==    by 0x762080: parse_one_ho (cte_termbanks.c:494)
==28810==    by 0x762080: TBTermParseRealHO (cte_termbanks.c:1427)
==28810==    by 0x70B514: TBTermParse (cte_termbanks.h:187)
==28810==    by 0x70B514: EqnHOFParse (ccl_eqn.c:717)
==28810==    by 0x713975: literal_tform_tstp_parse (ccl_tformulae.c:461)
==28810==    by 0x713D98: quantified_tform_tstp_parse (ccl_tformulae.c:372)
==28810==    by 0x713CD9: quantified_tform_tstp_parse (ccl_tformulae.c:348)
==28810==    by 0x713CD9: quantified_tform_tstp_parse (ccl_tformulae.c:348)
==28810==    by 0x713CD9: quantified_tform_tstp_parse (ccl_tformulae.c:348)
==28810==    by 0x713871: literal_tform_tstp_parse (ccl_tformulae.c:435)
==28810==    by 0x713763: TFormulaTSTPParse (ccl_tformulae.c:1057)
==28810== 
==28810== 952 (840 direct, 112 indirect) bytes in 7 blocks are definitely lost in loss record 730 of 893
==28810==    at 0x4C2DB8F: malloc (in /usr/lib/valgrind/vgpreload_memcheck-amd64-linux.so)
==28810==    by 0x778515: SecureMalloc (clb_memory.c:157)
==28810==    by 0x712768: SizeMallocReal (clb_memory.h:177)
==28810==    by 0x712768: TermDefaultCellAlloc (cte_termtypes.h:505)
==28810==    by 0x712768: TermTopAlloc (cte_termtypes.h:557)
==28810==    by 0x712768: TFormulaFCodeAlloc (ccl_tformulae.c:602)
==28810==    by 0x713A8A: literal_tform_tstp_parse (ccl_tformulae.c:488)
==28810==    by 0x713B23: assoc_tform_tstp_parse (ccl_tformulae.c:407)
==28810==    by 0x7139C7: literal_tform_tstp_parse (ccl_tformulae.c:469)
==28810==    by 0x713D98: quantified_tform_tstp_parse (ccl_tformulae.c:372)
==28810==    by 0x713CD9: quantified_tform_tstp_parse (ccl_tformulae.c:348)
==28810==    by 0x713CD9: quantified_tform_tstp_parse (ccl_tformulae.c:348)
==28810==    by 0x713871: literal_tform_tstp_parse (ccl_tformulae.c:435)
==28810==    by 0x713763: TFormulaTSTPParse (ccl_tformulae.c:1057)
==28810==    by 0x7156B7: WFormulaTSTPParse (ccl_formula_wrapper.c:447)
==28810== 
==28810== 1,088 (960 direct, 128 indirect) bytes in 8 blocks are definitely lost in loss record 769 of 893
==28810==    at 0x4C2DB8F: malloc (in /usr/lib/valgrind/vgpreload_memcheck-amd64-linux.so)
==28810==    by 0x778515: SecureMalloc (clb_memory.c:157)
==28810==    by 0x75F569: SizeMallocReal (clb_memory.h:177)
==28810==    by 0x75F569: TermDefaultCellAlloc (cte_termtypes.h:505)
==28810==    by 0x75F569: normalize_head (cte_termbanks.c:380)
==28810==    by 0x7623D6: TBTermParseRealHO (cte_termbanks.c:1471)
==28810==    by 0x70A9DE: TBTermParse (cte_termbanks.h:187)
==28810==    by 0x70A9DE: eqn_parse_infix (ccl_eqn.c:320)
==28810==    by 0x70B238: eqn_parse_real (ccl_eqn.c:547)
==28810==    by 0x70B4BE: EqnFOFParse (ccl_eqn.c:704)
==28810==    by 0x713A9A: literal_tform_tstp_parse (ccl_tformulae.c:493)
==28810==    by 0x713A72: literal_tform_tstp_parse (ccl_tformulae.c:487)
==28810==    by 0x713B23: assoc_tform_tstp_parse (ccl_tformulae.c:407)
==28810==    by 0x7139C7: literal_tform_tstp_parse (ccl_tformulae.c:469)
==28810==    by 0x713D98: quantified_tform_tstp_parse (ccl_tformulae.c:372)
==28810== 
==28810== 1,224 (960 direct, 264 indirect) bytes in 8 blocks are definitely lost in loss record 781 of 893
==28810==    at 0x4C2DB8F: malloc (in /usr/lib/valgrind/vgpreload_memcheck-amd64-linux.so)
==28810==    by 0x778515: SecureMalloc (clb_memory.c:157)
==28810==    by 0x712768: SizeMallocReal (clb_memory.h:177)
==28810==    by 0x712768: TermDefaultCellAlloc (cte_termtypes.h:505)
==28810==    by 0x712768: TermTopAlloc (cte_termtypes.h:557)
==28810==    by 0x712768: TFormulaFCodeAlloc (ccl_tformulae.c:602)
==28810==    by 0x713B34: assoc_tform_tstp_parse (ccl_tformulae.c:408)
==28810==    by 0x7139C7: literal_tform_tstp_parse (ccl_tformulae.c:469)
==28810==    by 0x713D98: quantified_tform_tstp_parse (ccl_tformulae.c:372)
==28810==    by 0x713CD9: quantified_tform_tstp_parse (ccl_tformulae.c:348)
==28810==    by 0x713CD9: quantified_tform_tstp_parse (ccl_tformulae.c:348)
==28810==    by 0x713CD9: quantified_tform_tstp_parse (ccl_tformulae.c:348)
==28810==    by 0x713871: literal_tform_tstp_parse (ccl_tformulae.c:435)
==28810==    by 0x713763: TFormulaTSTPParse (ccl_tformulae.c:1057)
==28810==    by 0x7156B7: WFormulaTSTPParse (ccl_formula_wrapper.c:447)
==28810== 
==28810== 1,360 (960 direct, 400 indirect) bytes in 8 blocks are definitely lost in loss record 790 of 893
==28810==    at 0x4C2DB8F: malloc (in /usr/lib/valgrind/vgpreload_memcheck-amd64-linux.so)
==28810==    by 0x778515: SecureMalloc (clb_memory.c:157)
==28810==    by 0x712768: SizeMallocReal (clb_memory.h:177)
==28810==    by 0x712768: TermDefaultCellAlloc (cte_termtypes.h:505)
==28810==    by 0x712768: TermTopAlloc (cte_termtypes.h:557)
==28810==    by 0x712768: TFormulaFCodeAlloc (ccl_tformulae.c:602)
==28810==    by 0x713B34: assoc_tform_tstp_parse (ccl_tformulae.c:408)
==28810==    by 0x7139C7: literal_tform_tstp_parse (ccl_tformulae.c:469)
==28810==    by 0x713D98: quantified_tform_tstp_parse (ccl_tformulae.c:372)
==28810==    by 0x713CD9: quantified_tform_tstp_parse (ccl_tformulae.c:348)
==28810==    by 0x713CD9: quantified_tform_tstp_parse (ccl_tformulae.c:348)
==28810==    by 0x713871: literal_tform_tstp_parse (ccl_tformulae.c:435)
==28810==    by 0x713763: TFormulaTSTPParse (ccl_tformulae.c:1057)
==28810==    by 0x7156B7: WFormulaTSTPParse (ccl_formula_wrapper.c:447)
==28810==    by 0x715904: WFormulaParse (ccl_formula_wrapper.c:626)
==28810== 
==28810== 1,496 (1,320 direct, 176 indirect) bytes in 11 blocks are definitely lost in loss record 792 of 893
==28810==    at 0x4C2DB8F: malloc (in /usr/lib/valgrind/vgpreload_memcheck-amd64-linux.so)
==28810==    by 0x778515: SecureMalloc (clb_memory.c:157)
==28810==    by 0x75F3F2: SizeMallocReal (clb_memory.h:177)
==28810==    by 0x75F3F2: TermDefaultCellAlloc (cte_termtypes.h:505)
==28810==    by 0x75F3F2: make_head (cte_termbanks.c:441)
==28810==    by 0x762080: parse_one_ho (cte_termbanks.c:494)
==28810==    by 0x762080: TBTermParseRealHO (cte_termbanks.c:1427)
==28810==    by 0x70B514: TBTermParse (cte_termbanks.h:187)
==28810==    by 0x70B514: EqnHOFParse (ccl_eqn.c:717)
==28810==    by 0x713975: literal_tform_tstp_parse (ccl_tformulae.c:461)
==28810==    by 0x713D98: quantified_tform_tstp_parse (ccl_tformulae.c:372)
==28810==    by 0x713CD9: quantified_tform_tstp_parse (ccl_tformulae.c:348)
==28810==    by 0x713CD9: quantified_tform_tstp_parse (ccl_tformulae.c:348)
==28810==    by 0x713871: literal_tform_tstp_parse (ccl_tformulae.c:435)
==28810==    by 0x713763: TFormulaTSTPParse (ccl_tformulae.c:1057)
==28810==    by 0x7156B7: WFormulaTSTPParse (ccl_formula_wrapper.c:447)
==28810== 
==28810== 2,584 (2,160 direct, 424 indirect) bytes in 18 blocks are definitely lost in loss record 821 of 893
==28810==    at 0x4C2DB8F: malloc (in /usr/lib/valgrind/vgpreload_memcheck-amd64-linux.so)
==28810==    by 0x778515: SecureMalloc (clb_memory.c:157)
==28810==    by 0x712768: SizeMallocReal (clb_memory.h:177)
==28810==    by 0x712768: TermDefaultCellAlloc (cte_termtypes.h:505)
==28810==    by 0x712768: TermTopAlloc (cte_termtypes.h:557)
==28810==    by 0x712768: TFormulaFCodeAlloc (ccl_tformulae.c:602)
==28810==    by 0x713DAD: quantified_tform_tstp_parse (ccl_tformulae.c:375)
==28810==    by 0x713CD9: quantified_tform_tstp_parse (ccl_tformulae.c:348)
==28810==    by 0x713CD9: quantified_tform_tstp_parse (ccl_tformulae.c:348)
==28810==    by 0x713871: literal_tform_tstp_parse (ccl_tformulae.c:435)
==28810==    by 0x713763: TFormulaTSTPParse (ccl_tformulae.c:1057)
==28810==    by 0x7156B7: WFormulaTSTPParse (ccl_formula_wrapper.c:447)
==28810==    by 0x715904: WFormulaParse (ccl_formula_wrapper.c:626)
==28810==    by 0x727C55: FormulaAndClauseSetParse (ccl_formulafunc.c:750)
==28810==    by 0x401F96: parse_spec (eprover.c:161)
==28810== 
==28810== 2,584 (2,280 direct, 304 indirect) bytes in 19 blocks are definitely lost in loss record 822 of 893
==28810==    at 0x4C2DB8F: malloc (in /usr/lib/valgrind/vgpreload_memcheck-amd64-linux.so)
==28810==    by 0x778515: SecureMalloc (clb_memory.c:157)
==28810==    by 0x712768: SizeMallocReal (clb_memory.h:177)
==28810==    by 0x712768: TermDefaultCellAlloc (cte_termtypes.h:505)
==28810==    by 0x712768: TermTopAlloc (cte_termtypes.h:557)
==28810==    by 0x712768: TFormulaFCodeAlloc (ccl_tformulae.c:602)
==28810==    by 0x713DAD: quantified_tform_tstp_parse (ccl_tformulae.c:375)
==28810==    by 0x713871: literal_tform_tstp_parse (ccl_tformulae.c:435)
==28810==    by 0x713763: TFormulaTSTPParse (ccl_tformulae.c:1057)
==28810==    by 0x7156B7: WFormulaTSTPParse (ccl_formula_wrapper.c:447)
==28810==    by 0x715904: WFormulaParse (ccl_formula_wrapper.c:626)
==28810==    by 0x727C55: FormulaAndClauseSetParse (ccl_formulafunc.c:750)
==28810==    by 0x401F96: parse_spec (eprover.c:161)
==28810==    by 0x403B94: main (eprover.c:404)
==28810== 
==28810== 2,720 (2,400 direct, 320 indirect) bytes in 20 blocks are definitely lost in loss record 824 of 893
==28810==    at 0x4C2DB8F: malloc (in /usr/lib/valgrind/vgpreload_memcheck-amd64-linux.so)
==28810==    by 0x778515: SecureMalloc (clb_memory.c:157)
==28810==    by 0x712768: SizeMallocReal (clb_memory.h:177)
==28810==    by 0x712768: TermDefaultCellAlloc (cte_termtypes.h:505)
==28810==    by 0x712768: TermTopAlloc (cte_termtypes.h:557)
==28810==    by 0x712768: TFormulaFCodeAlloc (ccl_tformulae.c:602)
==28810==    by 0x713DAD: quantified_tform_tstp_parse (ccl_tformulae.c:375)
==28810==    by 0x713CD9: quantified_tform_tstp_parse (ccl_tformulae.c:348)
==28810==    by 0x713871: literal_tform_tstp_parse (ccl_tformulae.c:435)
==28810==    by 0x713763: TFormulaTSTPParse (ccl_tformulae.c:1057)
==28810==    by 0x7156B7: WFormulaTSTPParse (ccl_formula_wrapper.c:447)
==28810==    by 0x715904: WFormulaParse (ccl_formula_wrapper.c:626)
==28810==    by 0x727C55: FormulaAndClauseSetParse (ccl_formulafunc.c:750)
==28810==    by 0x401F96: parse_spec (eprover.c:161)
==28810==    by 0x403B94: main (eprover.c:404)
==28810== 
==28810== 2,856 (2,520 direct, 336 indirect) bytes in 21 blocks are definitely lost in loss record 828 of 893
==28810==    at 0x4C2DB8F: malloc (in /usr/lib/valgrind/vgpreload_memcheck-amd64-linux.so)
==28810==    by 0x778515: SecureMalloc (clb_memory.c:157)
==28810==    by 0x75F3F2: SizeMallocReal (clb_memory.h:177)
==28810==    by 0x75F3F2: TermDefaultCellAlloc (cte_termtypes.h:505)
==28810==    by 0x75F3F2: make_head (cte_termbanks.c:441)
==28810==    by 0x762080: parse_one_ho (cte_termbanks.c:494)
==28810==    by 0x762080: TBTermParseRealHO (cte_termbanks.c:1427)
==28810==    by 0x70A9DE: TBTermParse (cte_termbanks.h:187)
==28810==    by 0x70A9DE: eqn_parse_infix (ccl_eqn.c:320)
==28810==    by 0x70B238: eqn_parse_real (ccl_eqn.c:547)
==28810==    by 0x70B4BE: EqnFOFParse (ccl_eqn.c:704)
==28810==    by 0x713A9A: literal_tform_tstp_parse (ccl_tformulae.c:493)
==28810==    by 0x713B23: assoc_tform_tstp_parse (ccl_tformulae.c:407)
==28810==    by 0x7139C7: literal_tform_tstp_parse (ccl_tformulae.c:469)
==28810==    by 0x713D98: quantified_tform_tstp_parse (ccl_tformulae.c:372)
==28810==    by 0x713CD9: quantified_tform_tstp_parse (ccl_tformulae.c:348)
==28810== 
==28810== 13,328 (11,640 direct, 1,688 indirect) bytes in 97 blocks are definitely lost in loss record 870 of 893
==28810==    at 0x4C2DB8F: malloc (in /usr/lib/valgrind/vgpreload_memcheck-amd64-linux.so)
==28810==    by 0x778515: SecureMalloc (clb_memory.c:157)
==28810==    by 0x75F3F2: SizeMallocReal (clb_memory.h:177)
==28810==    by 0x75F3F2: TermDefaultCellAlloc (cte_termtypes.h:505)
==28810==    by 0x75F3F2: make_head (cte_termbanks.c:441)
==28810==    by 0x762080: parse_one_ho (cte_termbanks.c:494)
==28810==    by 0x762080: TBTermParseRealHO (cte_termbanks.c:1427)
==28810==    by 0x70A9DE: TBTermParse (cte_termbanks.h:187)
==28810==    by 0x70A9DE: eqn_parse_infix (ccl_eqn.c:320)
==28810==    by 0x70B238: eqn_parse_real (ccl_eqn.c:547)
==28810==    by 0x70B4BE: EqnFOFParse (ccl_eqn.c:704)
==28810==    by 0x713A9A: literal_tform_tstp_parse (ccl_tformulae.c:493)
==28810==    by 0x713A72: literal_tform_tstp_parse (ccl_tformulae.c:487)
==28810==    by 0x713B23: assoc_tform_tstp_parse (ccl_tformulae.c:407)
==28810==    by 0x7139C7: literal_tform_tstp_parse (ccl_tformulae.c:469)
==28810==    by 0x713D98: quantified_tform_tstp_parse (ccl_tformulae.c:372)
==28810== 
==28810== LEAK SUMMARY:
==28810==    definitely lost: 38,685 bytes in 337 blocks
==28810==    indirectly lost: 6,240 bytes in 338 blocks
==28810==      possibly lost: 0 bytes in 0 blocks
==28810==    still reachable: 2,354,616 bytes in 43,622 blocks
==28810==         suppressed: 0 bytes in 0 blocks
==28810== Reachable blocks (those to which a pointer was found) are not shown.
==28810== To see them, rerun with: --leak-check=full --show-leak-kinds=all
==28810== 
==28810== For counts of detected and suppressed errors, rerun with: -v
==28810== ERROR SUMMARY: 71 errors from 69 contexts (suppressed: 0 from 0)
