This is pdfTeX, Version 3.1415926-2.5-1.40.14 (TeX Live 2013/Debian) (format=latex 2017.11.10)  10 NOV 2017 15:44
entering extended mode
 restricted \write18 enabled.
 %&-line parsing enabled.
**eprover.tex
(./eprover.tex
LaTeX2e <2011/06/27>
Babel <3.9h> and hyphenation patterns for 2 languages loaded.
(/usr/share/texlive/texmf-dist/tex/latex/base/report.cls
Document Class: report 2007/10/19 v1.4h Standard LaTeX document class
(/usr/share/texlive/texmf-dist/tex/latex/base/size10.clo
File: size10.clo 2007/10/19 v1.4h Standard LaTeX file (size option)
)
\c@part=\count79
\c@chapter=\count80
\c@section=\count81
\c@subsection=\count82
\c@subsubsection=\count83
\c@paragraph=\count84
\c@subparagraph=\count85
\c@figure=\count86
\c@table=\count87
\abovecaptionskip=\skip41
\belowcaptionskip=\skip42
\bibindent=\dimen102
)
(/usr/share/texlive/texmf-dist/tex/latex/base/makeidx.sty
Package: makeidx 2000/03/29 v1.0m Standard LaTeX package
) (./estyle.sty
estyle.sty - Handy macros for term rewriting and beautiful definitions
Written 1997,1998,1999 by Stephan Schulz
(/usr/share/texlive/texmf-dist/tex/latex/tools/theorem.sty
Package: theorem 1995/11/23 v2.2c Theorem extension package (FMi)
\theorem@style=\toks14
\theorem@bodyfont=\toks15
\theorempreskipamount=\skip43
\theorempostskipamount=\skip44

(/usr/share/texlive/texmf-dist/tex/latex/tools/thp.sty
File: thp.sty 1995/11/23 v2.2c Theorem extension package (FMi)
))
(/usr/share/texlive/texmf-dist/tex/latex/amsfonts/amssymb.sty
Package: amssymb 2013/01/14 v3.01 AMS font symbols

(/usr/share/texlive/texmf-dist/tex/latex/amsfonts/amsfonts.sty
Package: amsfonts 2013/01/14 v3.01 Basic AMSFonts support
\@emptytoks=\toks16
\symAMSa=\mathgroup4
\symAMSb=\mathgroup5
LaTeX Font Info:    Overwriting math alphabet `\mathfrak' in version `bold'
(Font)                  U/euf/m/n --> U/euf/b/n on input line 106.
))
(/usr/share/texlive/texmf-dist/tex/latex/amsmath/amsmath.sty
Package: amsmath 2013/01/14 v2.14 AMS math features
\@mathmargin=\skip45

For additional information on amsmath, use the `?' option.
(/usr/share/texlive/texmf-dist/tex/latex/amsmath/amstext.sty
Package: amstext 2000/06/29 v2.01

(/usr/share/texlive/texmf-dist/tex/latex/amsmath/amsgen.sty
File: amsgen.sty 1999/11/30 v2.0
\@emptytoks=\toks17
\ex@=\dimen103
))
(/usr/share/texlive/texmf-dist/tex/latex/amsmath/amsbsy.sty
Package: amsbsy 1999/11/29 v1.2d
\pmbraise@=\dimen104
)
(/usr/share/texlive/texmf-dist/tex/latex/amsmath/amsopn.sty
Package: amsopn 1999/12/14 v2.01 operator names
)
\inf@bad=\count88
LaTeX Info: Redefining \frac on input line 210.
\uproot@=\count89
\leftroot@=\count90
LaTeX Info: Redefining \overline on input line 306.
\classnum@=\count91
\DOTSCASE@=\count92
LaTeX Info: Redefining \ldots on input line 378.
LaTeX Info: Redefining \dots on input line 381.
LaTeX Info: Redefining \cdots on input line 466.
\Mathstrutbox@=\box26
\strutbox@=\box27
\big@size=\dimen105
LaTeX Font Info:    Redeclaring font encoding OML on input line 566.
LaTeX Font Info:    Redeclaring font encoding OMS on input line 567.
\macc@depth=\count93
\c@MaxMatrixCols=\count94
\dotsspace@=\muskip10
\c@parentequation=\count95
\dspbrk@lvl=\count96
\tag@help=\toks18
\row@=\count97
\column@=\count98
\maxfields@=\count99
\andhelp@=\toks19
\eqnshift@=\dimen106
\alignsep@=\dimen107
\tagshift@=\dimen108
\tagwidth@=\dimen109
\totwidth@=\dimen110
\lineht@=\dimen111
\@envbody=\toks20
\multlinegap=\skip46
\multlinetaggap=\skip47
\mathdisplay@stack=\toks21
LaTeX Info: Redefining \[ on input line 2665.
LaTeX Info: Redefining \] on input line 2666.
)
(/usr/share/texlive/texmf-dist/tex/latex/tools/afterpage.sty
Package: afterpage 1995/10/27 v1.08 After-Page Package (DPC)
\AP@output=\toks22
\AP@partial=\box28
\AP@footins=\box29
)
(/usr/share/texlive/texmf-dist/tex/latex/tools/thb.sty
File: thb.sty 1995/11/23 v2.2c Theorem extension package (FMi)
)
\c@definition=\count100
\c@theorem=\count101
)

! LaTeX Error: File `supertabular.sty' not found.

Type X to quit or <RETURN> to proceed,
or enter new name. (Default extension: sty)

Enter file name: 
! Interruption.
<to be read again> 
                   }
l.18 \usepackage
                {url}^^M
? 
(/usr/share/texlive/texmf-dist/tex/latex/url/url.sty
\Urlmuskip=\muskip11
Package: url 2013/09/16  ver 3.4  Verb mode for urls, etc.
)
\@indexfile=\write3
\openout3 = `eprover.idx'.


Writing index file eprover.idx
No file eprover.aux.
\openout1 = `eprover.aux'.

LaTeX Font Info:    Checking defaults for OML/cmm/m/it on input line 26.
LaTeX Font Info:    ... okay on input line 26.
LaTeX Font Info:    Checking defaults for T1/cmr/m/n on input line 26.
LaTeX Font Info:    ... okay on input line 26.
LaTeX Font Info:    Checking defaults for OT1/cmr/m/n on input line 26.
LaTeX Font Info:    ... okay on input line 26.
LaTeX Font Info:    Checking defaults for OMS/cmsy/m/n on input line 26.
LaTeX Font Info:    ... okay on input line 26.
LaTeX Font Info:    Checking defaults for OMX/cmex/m/n on input line 26.
LaTeX Font Info:    ... okay on input line 26.
LaTeX Font Info:    Checking defaults for U/cmr/m/n on input line 26.
LaTeX Font Info:    ... okay on input line 26.
LaTeX Font Info:    Try loading font information for U+msa on input line 27.
(/usr/share/texlive/texmf-dist/tex/latex/amsfonts/umsa.fd
File: umsa.fd 2013/01/14 v3.01 AMS symbols A
)
LaTeX Font Info:    Try loading font information for U+msb on input line 27.

(/usr/share/texlive/texmf-dist/tex/latex/amsfonts/umsb.fd
File: umsb.fd 2013/01/14 v3.01 AMS symbols B
) [1

] [1]
(./eprover.toc [1

])
\tf@toc=\write4
\openout4 = `eprover.toc'.

 [2]
Chapter 1.

LaTeX Warning: Citation `CL73' on page 3 undefined on input line 61.


LaTeX Warning: Citation `Schulz:IJCAR-2004' on page 3 undefined on input line 6
3.


LaTeX Warning: Citation `Schulz:AICOM-2002' on page 3 undefined on input line 6
4.


LaTeX Warning: Citation `Schulz:LPAR-2013' on page 3 undefined on input line 65
.


LaTeX Warning: Citation `MILSGSM:JAR-97' on page 3 undefined on input line 71.


LaTeX Warning: Citation `Mc94' on page 3 undefined on input line 72.


LaTeX Warning: Citation `MW:JAR-97' on page 3 undefined on input line 72.


LaTeX Warning: Citation `WGR96' on page 3 undefined on input line 73.


LaTeX Warning: Citation `WABCEKTT:CADE-99' on page 3 undefined on input line 73
.


LaTeX Warning: Citation `DKS97' on page 3 undefined on input line 74.


LaTeX Warning: Citation `BHF96' on page 3 undefined on input line 74.


LaTeX Warning: Citation `HJL:CADE-99' on page 3 undefined on input line 74.


LaTeX Warning: Citation `RV:AICOM-2002' on page 3 undefined on input line 75.


LaTeX Warning: Citation `RV:IJCAR-2001' on page 3 undefined on input line 75.

[3

]
Chapter 2.

LaTeX Warning: Citation `HV:CADE-2011' on page 4 undefined on input line 101.

[4

] [5]
Chapter 3.

LaTeX Warning: Citation `BG94' on page 6 undefined on input line 142.


LaTeX Warning: Citation `SSCB:LPAR-2012' on page 6 undefined on input line 146.


[6

]
LaTeX Font Info:    Try loading font information for OMS+cmr on input line 258.

 (/usr/share/texlive/texmf-dist/tex/latex/base/omscmr.fd
File: omscmr.fd 1999/05/25 v2.5h Standard LaTeX font definitions
)
LaTeX Font Info:    Font shape `OMS/cmr/m/n' in size <10> not available
(Font)              Font shape `OMS/cmsy/m/n' tried instead on input line 258.
 [7] [8]

LaTeX Warning: Citation `Bachmair:personal-98' on page 9 undefined on input lin
e 419.


LaTeX Warning: Citation `BG94' on page 9 undefined on input line 419.


LaTeX Warning: Citation `Weidenbach:personal-99' on page 9 undefined on input l
ine 419.

[9]

LaTeX Warning: Citation `NN:RTA-93' on page 10 undefined on input line 473.

[10] [11]

LaTeX Warning: Citation `BDP89' on page 12 undefined on input line 545.


LaTeX Warning: Citation `Dershowitz:IJCAI-91' on page 12 undefined on input lin
e 547.


LaTeX Warning: Citation `HV:CADE-2011' on page 12 undefined on input line 582.

[12]
Overfull \hbox (12.5271pt too wide) in paragraph at lines 615--618
[]\OT1/cmtt/m/n/10 hypos \OT1/cmr/m/n/10 or \OT1/cmtt/m/n/10 nohypos \OT1/cmr/m
/n/10 de-ter-mines if clauses and for-mu-las of type \OT1/cmtt/m/n/10 hypothesi
s
 []


Overfull \hbox (3.97208pt too wide) in paragraph at lines 629--631
[]\OT1/cmtt/m/n/10 set-fraction \OT1/cmr/m/n/10 gives a rel-a-tive size (which 
frac-tion of clauses/formulas)
 []


LaTeX Warning: Citation `NW:SmallCNF-2001' on page 13 undefined on input line 6
43.

[13]
Overfull \hbox (0.16582pt too wide) in paragraph at lines 682--685
[]\OT1/cmtt/m/n/10 --eq-unfold-maxclauses=<arg> \OT1/cmr/m/n/10 in-hibits un-fo
ld-ing of equa-tional def-i-ni-tions
 []

LaTeX Font Info:    Try loading font information for OMS+cmtt on input line 722
.
LaTeX Font Info:    No file OMScmtt.fd. on input line 722.

LaTeX Font Warning: Font shape `OMS/cmtt/m/n' undefined
(Font)              using `OMS/cmsy/m/n' instead
(Font)              for symbol `textbraceleft' on input line 722.


LaTeX Warning: Reference `fig:procedure' on page 14 undefined on input line 767
.

[14] [15]

LaTeX Warning: Reference `sec:options:orderings' on page 16 undefined on input 
line 782.


LaTeX Warning: Reference `sec:options:orderings' on page 16 undefined on input 
line 790.


LaTeX Warning: Reference `sec:options:strategies' on page 16 undefined on input
 line 794.


LaTeX Warning: Reference `sec:options:heuristics' on page 16 undefined on input
 line 803.

[16]
Chapter 4.
[17

]
LaTeX Font Info:    Font shape `OT1/cmtt/bx/n' in size <10> not available
(Font)              Font shape `OT1/cmtt/m/n' tried instead on input line 878.
 [18]

LaTeX Warning: Citation `Tammet:JAR-97' on page 19 undefined on input line 928.



LaTeX Warning: Reference `sec:options:watchlist' on page 19 undefined on input 
line 939.

[19]
Underfull \hbox (badness 10000) in paragraph at lines 991--998
\OT1/cmtt/m/n/10 Refinedweight(prio, fweight, vweight, term[]pen, lit[]pen, pos
[]mult)\OT1/cmr/m/n/10 :
 []


Underfull \hbox (badness 10000) in paragraph at lines 1002--1007
\OT1/cmtt/m/n/10 Orientweight(prio, fweight, vweight, term[]pen, lit[]pen, pos[
]mult)\OT1/cmr/m/n/10 :
 []


Underfull \hbox (badness 8056) in paragraph at lines 1011--1016
\OT1/cmtt/m/n/10 Simweight(prio, equal[]weight, vv[]clash, vt[]clash, tt[]clash
)\OT1/cmr/m/n/10 : This
 []

[20]
Underfull \hbox (badness 10000) in paragraph at lines 1038--1047
\OT1/cmtt/m/n/10 FunWeight(prio, fweight, vweight, term[]pen, lit[]pen, pos[]mu
lt,
 []


Underfull \hbox (badness 10000) in paragraph at lines 1051--1058
\OT1/cmtt/m/n/10 SymOffsetWeight(prio, fweight, vweight, term[]pen, lit[]pen,
 []


Underfull \hbox (badness 4291) in paragraph at lines 1051--1058
\OT1/cmtt/m/n/10 pos[]mult, fun:fweight ...)\OT1/cmr/m/n/10 : This eval-u-a-tio
n func-tion is sim-i-lar to
 []

[21]

LaTeX Warning: Reference `sec:options:watchlist' on page 22 undefined on input 
line 1100.


LaTeX Warning: Reference `sec:options:learning' on page 22 undefined on input l
ine 1100.

[22]

! LaTeX Error: Environment supertabular undefined.

See the LaTeX manual or LaTeX Companion for explanation.
Type  H <return>  for immediate help.
 ...                                              
                                                  
l.1165 \begin{supertabular}
                           {lp{9.5cm}}
? 
! Misplaced \omit.
\multispan ->\omit 
                   \@multispan 
l.1166 ...umn{2}{l}{\texttt{-term-ordering=<arg>}}
                                                  \\
? 
! Misplaced \span.
\sp@n ->\span 
              \omit \advance \@multicnt \m@ne 
l.1166 ...umn{2}{l}{\texttt{-term-ordering=<arg>}}
                                                  \\
? 
! Interruption.
<to be read again> 
                   \omit 
l.1166 ...umn{2}{l}{\texttt{-term-ordering=<arg>}}
                                                  \\
? 
! Misplaced \omit.
<recently read> \omit 
                      
l.1166 ...umn{2}{l}{\texttt{-term-ordering=<arg>}}
                                                  \\
? 
! Interruption.
\sp@n ->\span \omit 
                    \advance \@multicnt \m@ne 
l.1166 ...umn{2}{l}{\texttt{-term-ordering=<arg>}}
                                                  \\
? 
! Undefined control sequence.
<argument> ...nextchar \ifcase \@chclass \@classz 
                                                  \or \@classi \or \@classii...
l.1166 ...umn{2}{l}{\texttt{-term-ordering=<arg>}}
                                                  \\
? quit
OK, entering \batchmode...
! Undefined control sequence.
\@mkpream ...hclass }\ifcase \@lastchclass \@acol 
                                                  \or \or \@preamerr \@ne \o...
l.1166 ...umn{2}{l}{\texttt{-term-ordering=<arg>}}
                                                  \\
The control sequence at the end of the top line
of your error message was never \def'ed. If you have
misspelled it (e.g., `\hobx'), type `I' and the correct
spelling (e.g., `I\hbox'). Otherwise just continue,
and I'll forget about whatever was undefined.

! Misplaced alignment tab character &.
l.1167   \texttt{-t<arg>} &
                            Select a term ordering class (or automatic
I can't figure out why you would want to use a tab mark
here. If you just want an ampersand, the remedy is
simple: Just type `I\&' now. But if some right brace
up above has ended a previous alignment prematurely,
you're probably due for more error messages, and you
might try typing `S' now just to see what is salvageable.


Underfull \hbox (badness 10000) in paragraph at lines 1163--1173

 []

! Misplaced \omit.
\multispan ->\omit 
                   \@multispan 
l.1174 ...t{--order-precedence-generation=<arg>}}}
                                                  \\
I expect to see \omit only after tab marks or the \cr of
an alignment. Proceed, and I'll ignore this case.

! Misplaced \span.
\sp@n ->\span 
              \omit \advance \@multicnt \m@ne 
l.1174 ...t{--order-precedence-generation=<arg>}}}
                                                  \\
I can't figure out why you would want to use a tab mark
or \cr or \span just now. If something like a right brace
up above has ended a previous alignment prematurely,
you're probably due for more error messages, and you
might try typing `S' now just to see what is salvageable.

! Misplaced \omit.
\sp@n ->\span \omit 
                    \advance \@multicnt \m@ne 
l.1174 ...t{--order-precedence-generation=<arg>}}}
                                                  \\
I expect to see \omit only after tab marks or the \cr of
an alignment. Proceed, and I'll ignore this case.

! Undefined control sequence.
<argument> ...nextchar \ifcase \@chclass \@classz 
                                                  \or \@classi \or \@classii...
l.1174 ...t{--order-precedence-generation=<arg>}}}
                                                  \\
The control sequence at the end of the top line
of your error message was never \def'ed. If you have
misspelled it (e.g., `\hobx'), type `I' and the correct
spelling (e.g., `I\hbox'). Otherwise just continue,
and I'll forget about whatever was undefined.

! Undefined control sequence.
\@mkpream ...hclass }\ifcase \@lastchclass \@acol 
                                                  \or \or \@preamerr \@ne \o...
l.1174 ...t{--order-precedence-generation=<arg>}}}
                                                  \\
The control sequence at the end of the top line
of your error message was never \def'ed. If you have
misspelled it (e.g., `\hobx'), type `I' and the correct
spelling (e.g., `I\hbox'). Otherwise just continue,
and I'll forget about whatever was undefined.

! Misplaced alignment tab character &.
l.1175   \texttt{-G <arg>} &
                             Select a precedence generation scheme (see
I can't figure out why you would want to use a tab mark
here. If you just want an ampersand, the remedy is
simple: Just type `I\&' now. But if some right brace
up above has ended a previous alignment prematurely,
you're probably due for more error messages, and you
might try typing `S' now just to see what is salvageable.


Underfull \hbox (badness 10000) in paragraph at lines 1174--1177

 []

! Misplaced \omit.
\multispan ->\omit 
                   \@multispan 
l.1178 ...exttt{--order-weight-generation=<arg>}}}
                                                  \\
I expect to see \omit only after tab marks or the \cr of
an alignment. Proceed, and I'll ignore this case.

! Misplaced \span.
\sp@n ->\span 
              \omit \advance \@multicnt \m@ne 
l.1178 ...exttt{--order-weight-generation=<arg>}}}
                                                  \\
I can't figure out why you would want to use a tab mark
or \cr or \span just now. If something like a right brace
up above has ended a previous alignment prematurely,
you're probably due for more error messages, and you
might try typing `S' now just to see what is salvageable.

! Misplaced \omit.
\sp@n ->\span \omit 
                    \advance \@multicnt \m@ne 
l.1178 ...exttt{--order-weight-generation=<arg>}}}
                                                  \\
I expect to see \omit only after tab marks or the \cr of
an alignment. Proceed, and I'll ignore this case.

! Undefined control sequence.
<argument> ...nextchar \ifcase \@chclass \@classz 
                                                  \or \@classi \or \@classii...
l.1178 ...exttt{--order-weight-generation=<arg>}}}
                                                  \\
The control sequence at the end of the top line
of your error message was never \def'ed. If you have
misspelled it (e.g., `\hobx'), type `I' and the correct
spelling (e.g., `I\hbox'). Otherwise just continue,
and I'll forget about whatever was undefined.

! Undefined control sequence.
\@mkpream ...hclass }\ifcase \@lastchclass \@acol 
                                                  \or \or \@preamerr \@ne \o...
l.1178 ...exttt{--order-weight-generation=<arg>}}}
                                                  \\
The control sequence at the end of the top line
of your error message was never \def'ed. If you have
misspelled it (e.g., `\hobx'), type `I' and the correct
spelling (e.g., `I\hbox'). Otherwise just continue,
and I'll forget about whatever was undefined.

! Misplaced alignment tab character &.
l.1179   \texttt{-w <arg>} &
                             Select a symbol weight function (see
I can't figure out why you would want to use a tab mark
here. If you just want an ampersand, the remedy is
simple: Just type `I\&' now. But if some right brace
up above has ended a previous alignment prematurely,
you're probably due for more error messages, and you
might try typing `S' now just to see what is salvageable.


Underfull \hbox (badness 10000) in paragraph at lines 1178--1181

 []

! Misplaced \omit.
\multispan ->\omit 
                   \@multispan 
l.1182 ...\texttt{--order-constant-weight=<arg>}}}
                                                  \\
I expect to see \omit only after tab marks or the \cr of
an alignment. Proceed, and I'll ignore this case.

! Misplaced \span.
\sp@n ->\span 
              \omit \advance \@multicnt \m@ne 
l.1182 ...\texttt{--order-constant-weight=<arg>}}}
                                                  \\
I can't figure out why you would want to use a tab mark
or \cr or \span just now. If something like a right brace
up above has ended a previous alignment prematurely,
you're probably due for more error messages, and you
might try typing `S' now just to see what is salvageable.

! Misplaced \omit.
\sp@n ->\span \omit 
                    \advance \@multicnt \m@ne 
l.1182 ...\texttt{--order-constant-weight=<arg>}}}
                                                  \\
I expect to see \omit only after tab marks or the \cr of
an alignment. Proceed, and I'll ignore this case.

! Undefined control sequence.
<argument> ...nextchar \ifcase \@chclass \@classz 
                                                  \or \@classi \or \@classii...
l.1182 ...\texttt{--order-constant-weight=<arg>}}}
                                                  \\
The control sequence at the end of the top line
of your error message was never \def'ed. If you have
misspelled it (e.g., `\hobx'), type `I' and the correct
spelling (e.g., `I\hbox'). Otherwise just continue,
and I'll forget about whatever was undefined.

! Undefined control sequence.
\@mkpream ...hclass }\ifcase \@lastchclass \@acol 
                                                  \or \or \@preamerr \@ne \o...
l.1182 ...\texttt{--order-constant-weight=<arg>}}}
                                                  \\
The control sequence at the end of the top line
of your error message was never \def'ed. If you have
misspelled it (e.g., `\hobx'), type `I' and the correct
spelling (e.g., `I\hbox'). Otherwise just continue,
and I'll forget about whatever was undefined.

! Misplaced alignment tab character &.
l.1183   \texttt{\texttt{-c <arg>}} &
                                      Modify any symbol weight function by
I can't figure out why you would want to use a tab mark
here. If you just want an ampersand, the remedy is
simple: Just type `I\&' now. But if some right brace
up above has ended a previous alignment prematurely,
you're probably due for more error messages, and you
might try typing `S' now just to see what is salvageable.


Underfull \hbox (badness 10000) in paragraph at lines 1182--1185

 []

! Misplaced \omit.
\multispan ->\omit 
                   \@multispan 
l.1186 ...umn{2}{l}{\texttt{--precedence[=<arg>]}}
                                                  \\
I expect to see \omit only after tab marks or the \cr of
an alignment. Proceed, and I'll ignore this case.

! Misplaced \span.
\sp@n ->\span 
              \omit \advance \@multicnt \m@ne 
l.1186 ...umn{2}{l}{\texttt{--precedence[=<arg>]}}
                                                  \\
I can't figure out why you would want to use a tab mark
or \cr or \span just now. If something like a right brace
up above has ended a previous alignment prematurely,
you're probably due for more error messages, and you
might try typing `S' now just to see what is salvageable.

! Misplaced \omit.
\sp@n ->\span \omit 
                    \advance \@multicnt \m@ne 
l.1186 ...umn{2}{l}{\texttt{--precedence[=<arg>]}}
                                                  \\
I expect to see \omit only after tab marks or the \cr of
an alignment. Proceed, and I'll ignore this case.

! Undefined control sequence.
<argument> ...nextchar \ifcase \@chclass \@classz 
                                                  \or \@classi \or \@classii...
l.1186 ...umn{2}{l}{\texttt{--precedence[=<arg>]}}
                                                  \\
The control sequence at the end of the top line
of your error message was never \def'ed. If you have
misspelled it (e.g., `\hobx'), type `I' and the correct
spelling (e.g., `I\hbox'). Otherwise just continue,
and I'll forget about whatever was undefined.

! Undefined control sequence.
\@mkpream ...hclass }\ifcase \@lastchclass \@acol 
                                                  \or \or \@preamerr \@ne \o...
l.1186 ...umn{2}{l}{\texttt{--precedence[=<arg>]}}
                                                  \\
The control sequence at the end of the top line
of your error message was never \def'ed. If you have
misspelled it (e.g., `\hobx'), type `I' and the correct
spelling (e.g., `I\hbox'). Otherwise just continue,
and I'll forget about whatever was undefined.

! Misplaced alignment tab character &.
<recently read> &
                 
l.1187   &
           Describe a (partial) precedence for the term ordering. The argument
I can't figure out why you would want to use a tab mark
here. If you just want an ampersand, the remedy is
simple: Just type `I\&' now. But if some right brace
up above has ended a previous alignment prematurely,
you're probably due for more error messages, and you
might try typing `S' now just to see what is salvageable.


Underfull \hbox (badness 10000) in paragraph at lines 1186--1207

 []

 [23]
! Misplaced \omit.
\multispan ->\omit 
                   \@multispan 
l.1208 ...mn{2}{l}{\texttt{--order-weights=<arg>}}
                                                  \\
I expect to see \omit only after tab marks or the \cr of
an alignment. Proceed, and I'll ignore this case.

! Misplaced \span.
\sp@n ->\span 
              \omit \advance \@multicnt \m@ne 
l.1208 ...mn{2}{l}{\texttt{--order-weights=<arg>}}
                                                  \\
I can't figure out why you would want to use a tab mark
or \cr or \span just now. If something like a right brace
up above has ended a previous alignment prematurely,
you're probably due for more error messages, and you
might try typing `S' now just to see what is salvageable.

! Misplaced \omit.
\sp@n ->\span \omit 
                    \advance \@multicnt \m@ne 
l.1208 ...mn{2}{l}{\texttt{--order-weights=<arg>}}
                                                  \\
I expect to see \omit only after tab marks or the \cr of
an alignment. Proceed, and I'll ignore this case.

! Undefined control sequence.
<argument> ...nextchar \ifcase \@chclass \@classz 
                                                  \or \@classi \or \@classii...
l.1208 ...mn{2}{l}{\texttt{--order-weights=<arg>}}
                                                  \\
The control sequence at the end of the top line
of your error message was never \def'ed. If you have
misspelled it (e.g., `\hobx'), type `I' and the correct
spelling (e.g., `I\hbox'). Otherwise just continue,
and I'll forget about whatever was undefined.

! Undefined control sequence.
\@mkpream ...hclass }\ifcase \@lastchclass \@acol 
                                                  \or \or \@preamerr \@ne \o...
l.1208 ...mn{2}{l}{\texttt{--order-weights=<arg>}}
                                                  \\
The control sequence at the end of the top line
of your error message was never \def'ed. If you have
misspelled it (e.g., `\hobx'), type `I' and the correct
spelling (e.g., `I\hbox'). Otherwise just continue,
and I'll forget about whatever was undefined.

! Misplaced alignment tab character &.
<recently read> &
                 
l.1209   &
           Give explicit weights to function symbols. The argument syntax is
I can't figure out why you would want to use a tab mark
here. If you just want an ampersand, the remedy is
simple: Just type `I\&' now. But if some right brace
up above has ended a previous alignment prematurely,
you're probably due for more error messages, and you
might try typing `S' now just to see what is salvageable.


Underfull \hbox (badness 10000) in paragraph at lines 1217--1220

 []

! Misplaced \omit.
\multispan ->\omit 
                   \@multispan 
l.1221 ...{\texttt{--lpo-recursion-limit[=<arg>]}}
                                                  \\
I expect to see \omit only after tab marks or the \cr of
an alignment. Proceed, and I'll ignore this case.

! Misplaced \span.
\sp@n ->\span 
              \omit \advance \@multicnt \m@ne 
l.1221 ...{\texttt{--lpo-recursion-limit[=<arg>]}}
                                                  \\
I can't figure out why you would want to use a tab mark
or \cr or \span just now. If something like a right brace
up above has ended a previous alignment prematurely,
you're probably due for more error messages, and you
might try typing `S' now just to see what is salvageable.

! Misplaced \omit.
\sp@n ->\span \omit 
                    \advance \@multicnt \m@ne 
l.1221 ...{\texttt{--lpo-recursion-limit[=<arg>]}}
                                                  \\
I expect to see \omit only after tab marks or the \cr of
an alignment. Proceed, and I'll ignore this case.

! Undefined control sequence.
<argument> ...nextchar \ifcase \@chclass \@classz 
                                                  \or \@classi \or \@classii...
l.1221 ...{\texttt{--lpo-recursion-limit[=<arg>]}}
                                                  \\
The control sequence at the end of the top line
of your error message was never \def'ed. If you have
misspelled it (e.g., `\hobx'), type `I' and the correct
spelling (e.g., `I\hbox'). Otherwise just continue,
and I'll forget about whatever was undefined.

! Undefined control sequence.
\@mkpream ...hclass }\ifcase \@lastchclass \@acol 
                                                  \or \or \@preamerr \@ne \o...
l.1221 ...{\texttt{--lpo-recursion-limit[=<arg>]}}
                                                  \\
The control sequence at the end of the top line
of your error message was never \def'ed. If you have
misspelled it (e.g., `\hobx'), type `I' and the correct
spelling (e.g., `I\hbox'). Otherwise just continue,
and I'll forget about whatever was undefined.

! Misplaced alignment tab character &.
<recently read> &
                 
l.1222   &
           Limits the recursion depth of LPO comparison. This is useful in rare
I can't figure out why you would want to use a tab mark
here. If you just want an ampersand, the remedy is
simple: Just type `I\&' now. But if some right brace
up above has ended a previous alignment prematurely,
you're probably due for more error messages, and you
might try typing `S' now just to see what is salvageable.


! LaTeX Error: \begin{document} ended by \end{supertabular}.

See the LaTeX manual or LaTeX Companion for explanation.
Type  H <return>  for immediate help.
 ...                                              
                                                  
l.1230 \end{supertabular}
                         
Your command was ignored.
Type  I <command> <return>  to replace it with another command,
or  <return>  to continue without it.


Underfull \hbox (badness 10000) in paragraph at lines 1221--1231

 []


LaTeX Warning: Citation `Weidenbach:SPASS-2001' on page 24 undefined on input l
ine 1253.

 [24]
Overfull \hbox (3.74922pt too wide) in paragraph at lines 1264--1266
[]\OT1/cmr/m/n/10 As \OT1/cmtt/m/n/10 invfreqconstmin\OT1/cmr/m/n/10 , but unar
y sym-bols with max-i-mal fre-quency
 []

 [25] [26]

LaTeX Warning: Citation `Dershowitz:IJCAI-91' on page 27 undefined on input lin
e 1361.

 [27]

LaTeX Warning: Reference `sec:output:lots' on page 28 undefined on input line 1
444.


LaTeX Warning: Citation `Schulz:Diss-2000' on page 28 undefined on input line 1
473.


LaTeX Warning: Citation `Schulz:KI-2001' on page 28 undefined on input line 147
3.

 [28] [29] [30]
Chapter 5.

LaTeX Warning: Citation `E:WWW-04' on page 31 undefined on input line 1554.


Overfull \hbox (1.24945pt too wide) in paragraph at lines 1573--1582
[]\OT1/cmr/m/n/10 E nor-mally treats pro-ce-du-ral clauses ex-actly as it treat
s declar-a-tive clauses.
 []

 [31

]

LaTeX Warning: Citation `Sutcliffe:TPTP-WWW' on page 32 undefined on input line
 1586.


LaTeX Warning: Citation `SSCG:IJCAR-2006' on page 32 undefined on input line 15
96.


LaTeX Warning: Citation `SSCG:IJCAR-2006' on page 32 undefined on input line 16
06.


LaTeX Warning: Citation `SSCB:LPAR-2012' on page 32 undefined on input line 160
6.

 [32]
Chapter 6.

Overfull \hbox (15.47084pt too wide) in paragraph at lines 1626--1635
\OT1/cmr/m/n/10 E has sev-eral dif-fer-ent out-put lev-els, con-trolled by the 
op-tion \OT1/cmtt/m/n/10 -l \OT1/cmr/m/n/10 or \OT1/cmtt/m/n/10 --output-level\
OT1/cmr/m/n/10 .
 []

 [33

]
Overfull \hbox (5.32358pt too wide) in paragraph at lines 1688--1697
\OT1/cmr/m/n/10 cessed clause set is sat-is-fi-able). How-ever, if the op-tion 
\OT1/cmtt/m/n/10 --delete-bad-limit
 []

 [34]

LaTeX Warning: Citation `DS94a' on page 35 undefined on input line 1733.


LaTeX Warning: Citation `DS94b' on page 35 undefined on input line 1733.


LaTeX Warning: Citation `DS96a' on page 35 undefined on input line 1733.


Overfull \hbox (17.05547pt too wide) in paragraph at lines 1764--1766
[]\OT1/cmr/m/n/10 Proof-object gen-er-a-tion and out-put are ac-ti-vated by the
 op-tion \OT1/cmtt/m/n/10 --proof-object\OT1/cmr/m/n/10 . 
 []


LaTeX Warning: Citation `SSSU:TPTP-ANS' on page 35 undefined on input line 1773
.

 [35]

LaTeX Warning: Reference `fig:answers' on page 36 undefined on input line 1788.


 [36] [37] [38]
Chapter 7.

LaTeX Warning: Reference `tab:opts' on page 39 undefined on input line 1931.

LaTeX Font Info:    Font shape `OT1/cmtt/bx/n' in size <14.4> not available
(Font)              Font shape `OT1/cmtt/m/n' tried instead on input line 1980.


LaTeX Warning: Citation `MMZZM:DAC-2001' on page 39 undefined on input line 199
2.


LaTeX Warning: Citation `ES:SAT-2004' on page 39 undefined on input line 1993.


LaTeX Warning: Citation `SS:CADE-2002' on page 39 undefined on input line 1994.



LaTeX Warning: Citation `Schulz:FLAIRS-2002' on page 39 undefined on input line
 1998.

 [39

] [40]

LaTeX Warning: Reference `sec:bsf' on page 41 undefined on input line 2056.


LaTeX Warning: Reference `sec:iq' on page 41 undefined on input line 2059.

 [41]

LaTeX Warning: Reference `fig:ltbspec' on page 42 undefined on input line 2141.


 [42] [43]

LaTeX Warning: Reference `fig:lbtsession' on page 44 undefined on input line 22
13.


LaTeX Warning: Citation `HV:CADE-2011' on page 44 undefined on input line 2315.


 [44] [45]

LaTeX Warning: Reference `fig:axfilter' on page 46 undefined on input line 2346
.


Overfull \hbox (2.5839pt too wide) in paragraph at lines 2370--2376
[]\OT1/cmr/m/n/10 The first pa-ram-e-ter de-fines how func-tion and pred-i-cate
 sym-bols are counted
 []

 [46] [47]
Appendix A.
 [48


]
Appendix B.
 [49

] [50

] [51] [52] (./eprover.ind [53] [54

] [55

]) (./eprover.aux)

LaTeX Font Warning: Some font shapes were not available, defaults substituted.


LaTeX Warning: There were undefined references.


LaTeX Warning: Label(s) may have changed. Rerun to get cross-references right.

 ) 
Here is how much of TeX's memory you used:
 1490 strings out of 495029
 17284 string characters out of 6181522
 72217 words of memory out of 5000000
 4685 multiletter control sequences out of 15000+600000
 19595 words of font info for 75 fonts, out of 8000000 for 9000
 14 hyphenation exceptions out of 8191
 34i,14n,28p,251b,340s stack positions out of 5000i,500n,10000p,200000b,80000s

Output written on eprover.dvi (57 pages, 156120 bytes).
